<?xml version="1.0" encoding="UTF-8"?>
<testsuite name="org.alljeju.alljejuserver.AllJejuServerApplicationTests" tests="1" skipped="0" failures="0" errors="0" timestamp="2024-11-24T08:52:55" hostname="MMM" time="0.682">
  <properties/>
  <testcase name="contextLoads()" classname="org.alljeju.alljejuserver.AllJejuServerApplicationTests" time="0.682"/>
  <system-out><![CDATA[17:52:48.335 [Test worker] DEBUG org.springframework.boot.test.context.SpringBootTestContextBootstrapper - Neither @ContextConfiguration nor @ContextHierarchy found for test class [AllJejuServerApplicationTests]: using SpringBootContextLoader
17:52:48.341 [Test worker] DEBUG org.springframework.test.context.support.AbstractContextLoader - Could not detect default resource locations for test class [org.alljeju.alljejuserver.AllJejuServerApplicationTests]: no resource found for suffixes {-context.xml, Context.groovy}.
17:52:48.342 [Test worker] INFO org.springframework.test.context.support.AnnotationConfigContextLoaderUtils - Could not detect default configuration classes for test class [org.alljeju.alljejuserver.AllJejuServerApplicationTests]: AllJejuServerApplicationTests does not declare any static, non-private, non-final, nested classes annotated with @Configuration.
17:52:48.369 [Test worker] DEBUG org.springframework.boot.test.context.SpringBootTestContextBootstrapper - Using ContextCustomizers for test class [AllJejuServerApplicationTests]: [DisableObservabilityContextCustomizer, PropertyMappingContextCustomizer, Customizer, ExcludeFilterContextCustomizer, DuplicateJsonObjectContextCustomizer, MockitoContextCustomizer, TestRestTemplateContextCustomizer, WebTestClientContextCustomizer]
17:52:48.463 [Test worker] DEBUG org.springframework.context.annotation.ClassPathScanningCandidateComponentProvider - Identified candidate component class: file [C:\Users\CJY\Desktop\devlopment\allJejuServer\build\classes\java\main\org\alljeju\alljejuserver\AllJejuServerApplication.class]
17:52:48.465 [Test worker] INFO org.springframework.boot.test.context.SpringBootTestContextBootstrapper - Found @SpringBootConfiguration org.alljeju.alljejuserver.AllJejuServerApplication for test class org.alljeju.alljejuserver.AllJejuServerApplicationTests
17:52:48.597 [Test worker] DEBUG org.springframework.boot.test.context.SpringBootTestContextBootstrapper - Using TestExecutionListeners for test class [AllJejuServerApplicationTests]: [ServletTestExecutionListener, DirtiesContextBeforeModesTestExecutionListener, ApplicationEventsTestExecutionListener, MockitoTestExecutionListener, DependencyInjectionTestExecutionListener, DirtiesContextTestExecutionListener, TransactionalTestExecutionListener, SqlScriptsTestExecutionListener, WithSecurityContextTestExecutionListener, EventPublishingTestExecutionListener, ReactorContextTestExecutionListener, RestDocsTestExecutionListener, MockRestServiceServerResetTestExecutionListener, MockMvcPrintOnlyOnFailureTestExecutionListener, WebDriverTestExecutionListener, MockWebServiceServerTestExecutionListener, ResetMocksTestExecutionListener]
17:52:48.598 [Test worker] DEBUG org.springframework.test.context.support.AbstractDirtiesContextTestExecutionListener - Before test class: class [AllJejuServerApplicationTests], class annotated with @DirtiesContext [false] with mode [null]

  .   ____          _            __ _ _
 /\\ / ___'_ __ _ _(_)_ __  __ _ \ \ \ \
( ( )\___ | '_ | '_| | '_ \/ _` | \ \ \ \
 \\/  ___)| |_)| | | | | || (_| |  ) ) ) )
  '  |____| .__|_| |_|_| |_\__, | / / / /
 =========|_|==============|___/=/_/_/_/
 :: Spring Boot ::                (v3.0.4)

2024-11-24 17:52:48 - Starting AllJejuServerApplicationTests using Java 17.0.12 with PID 8996 (started by CJY in C:\Users\CJY\Desktop\devlopment\allJejuServer)
2024-11-24 17:52:48 - No active profile set, falling back to 1 default profile: "default"
2024-11-24 17:52:48 - Loading source class org.alljeju.alljejuserver.AllJejuServerApplication
2024-11-24 17:52:49 - Refreshing org.springframework.web.context.support.GenericWebApplicationContext@3e1624c7
2024-11-24 17:52:50 - @EnableAutoConfiguration was declared on a class in the package 'org.alljeju.alljejuserver'. Automatic @Repository and @Entity scanning is enabled.
2024-11-24 17:52:51 - 

Using generated security password: d4bf4f92-a77d-4761-864b-56a6862a0796

This generated password is for development use only. Your security configuration must be updated before running your application in production.

2024-11-24 17:52:52 - 5 mappings in 'requestMappingHandlerMapping'
2024-11-24 17:52:52 - Patterns [/webjars/**, /**] in 'resourceHandlerMapping'
2024-11-24 17:52:52 - Exposing 1 endpoint(s) beneath base path '/actuator'
2024-11-24 17:52:52 - Will secure any request with [org.springframework.security.web.session.DisableEncodeUrlFilter@1b19712f, org.springframework.security.web.session.ForceEagerSessionCreationFilter@714c74eb, org.springframework.security.web.context.request.async.WebAsyncManagerIntegrationFilter@510e4d79, org.springframework.security.web.context.SecurityContextHolderFilter@75e4fe3c, org.springframework.security.web.header.HeaderWriterFilter@1e258d3b, org.springframework.security.web.csrf.CsrfFilter@718f3088, org.springframework.security.web.authentication.logout.LogoutFilter@1f68e4e8, org.springframework.security.web.authentication.UsernamePasswordAuthenticationFilter@13f4048e, org.springframework.security.web.session.ConcurrentSessionFilter@17053b5, org.springframework.security.web.savedrequest.RequestCacheAwareFilter@65ef9a0a, org.springframework.security.web.servletapi.SecurityContextHolderAwareRequestFilter@45bf93bb, org.springframework.security.web.authentication.AnonymousAuthenticationFilter@2f0cab82, org.springframework.security.web.session.SessionManagementFilter@39f93225, org.springframework.security.web.access.ExceptionTranslationFilter@50785f86, org.springframework.security.web.access.intercept.AuthorizationFilter@71468613]
2024-11-24 17:52:53 - ControllerAdvice beans: 0 @ModelAttribute, 0 @InitBinder, 1 RequestBodyAdvice, 1 ResponseBodyAdvice
2024-11-24 17:52:53 - ControllerAdvice beans: 1 @ExceptionHandler, 1 ResponseBodyAdvice
2024-11-24 17:52:54 - 


============================
CONDITIONS EVALUATION REPORT
============================


Positive matches:
-----------------

   AopAutoConfiguration matched:
      - @ConditionalOnProperty (spring.aop.auto=true) matched (OnPropertyCondition)

   AopAutoConfiguration.ClassProxyingConfiguration matched:
      - @ConditionalOnMissingClass did not find unwanted class 'org.aspectj.weaver.Advice' (OnClassCondition)
      - @ConditionalOnProperty (spring.aop.proxy-target-class=true) matched (OnPropertyCondition)

   CacheMeterBinderProvidersConfiguration matched:
      - @ConditionalOnClass found required class 'io.micrometer.core.instrument.binder.MeterBinder' (OnClassCondition)

   CacheMeterBinderProvidersConfiguration.CaffeineCacheMeterBinderProviderConfiguration matched:
      - @ConditionalOnClass found required classes 'org.springframework.cache.caffeine.CaffeineCache', 'com.github.benmanes.caffeine.cache.Cache' (OnClassCondition)

   CacheMetricsAutoConfiguration matched:
      - @ConditionalOnBean (types: org.springframework.cache.CacheManager; SearchStrategy: all) found bean 'cacheManager' (OnBeanCondition)

   CacheMetricsRegistrarConfiguration matched:
      - @ConditionalOnBean (types: org.springframework.boot.actuate.metrics.cache.CacheMeterBinderProvider,io.micrometer.core.instrument.MeterRegistry; SearchStrategy: all) found beans 'caffeineCacheMeterBinderProvider', 'simpleMeterRegistry' (OnBeanCondition)

   CachesEndpointAutoConfiguration matched:
      - @ConditionalOnClass found required class 'org.springframework.cache.CacheManager' (OnClassCondition)
      - @ConditionalOnAvailableEndpoint marked as exposed by a 'management.endpoints.web.exposure' property (OnAvailableEndpointCondition)

   CachesEndpointAutoConfiguration#cachesEndpoint matched:
      - @ConditionalOnMissingBean (types: org.springframework.boot.actuate.cache.CachesEndpoint; SearchStrategy: all) did not find any beans (OnBeanCondition)

   CachesEndpointAutoConfiguration#cachesEndpointWebExtension matched:
      - @ConditionalOnBean (types: org.springframework.boot.actuate.cache.CachesEndpoint; SearchStrategy: all) found bean 'cachesEndpoint'; @ConditionalOnMissingBean (types: org.springframework.boot.actuate.cache.CachesEndpointWebExtension; SearchStrategy: all) did not find any beans (OnBeanCondition)
      - @ConditionalOnAvailableEndpoint marked as exposed by a 'management.endpoints.web.exposure' property (OnAvailableEndpointCondition)

   CaffeineCacheConfiguration matched:
      - @ConditionalOnClass found required classes 'com.github.benmanes.caffeine.cache.Caffeine', 'org.springframework.cache.caffeine.CaffeineCacheManager' (OnClassCondition)
      - Cache org.springframework.boot.autoconfigure.cache.CaffeineCacheConfiguration CAFFEINE cache type (CacheCondition)

   ClientHttpConnectorAutoConfiguration matched:
      - @ConditionalOnClass found required class 'org.springframework.web.reactive.function.client.WebClient' (OnClassCondition)

   ClientHttpConnectorAutoConfiguration#clientConnectorCustomizer matched:
      - @ConditionalOnBean (types: org.springframework.http.client.reactive.ClientHttpConnector; SearchStrategy: all) found bean 'reactorClientHttpConnector' (OnBeanCondition)

   ClientHttpConnectorConfiguration.ReactorNetty matched:
      - @ConditionalOnClass found required class 'reactor.netty.http.client.HttpClient' (OnClassCondition)
      - @ConditionalOnMissingBean (types: org.springframework.http.client.reactive.ClientHttpConnector; SearchStrategy: all) did not find any beans (OnBeanCondition)

   CodecsAutoConfiguration matched:
      - @ConditionalOnClass found required classes 'org.springframework.http.codec.CodecConfigurer', 'org.springframework.web.reactive.function.client.WebClient' (OnClassCondition)

   CodecsAutoConfiguration.JacksonCodecConfiguration matched:
      - @ConditionalOnClass found required class 'com.fasterxml.jackson.databind.ObjectMapper' (OnClassCondition)

   CodecsAutoConfiguration.JacksonCodecConfiguration#jacksonCodecCustomizer matched:
      - @ConditionalOnBean (types: com.fasterxml.jackson.databind.ObjectMapper; SearchStrategy: all) found bean 'jacksonObjectMapper' (OnBeanCondition)

   CompositeMeterRegistryAutoConfiguration matched:
      - @ConditionalOnClass found required class 'io.micrometer.core.instrument.composite.CompositeMeterRegistry' (OnClassCondition)

   DataSourceAutoConfiguration matched:
      - @ConditionalOnClass found required classes 'javax.sql.DataSource', 'org.springframework.jdbc.datasource.embedded.EmbeddedDatabaseType' (OnClassCondition)
      - @ConditionalOnMissingBean (types: io.r2dbc.spi.ConnectionFactory; SearchStrategy: all) did not find any beans (OnBeanCondition)

   DataSourceConfiguration.Hikari matched:
      - @ConditionalOnClass found required class 'com.zaxxer.hikari.HikariDataSource' (OnClassCondition)
      - @ConditionalOnProperty (spring.datasource.type=com.zaxxer.hikari.HikariDataSource) matched (OnPropertyCondition)

   DataSourceHealthContributorAutoConfiguration matched:
      - @ConditionalOnClass found required classes 'org.springframework.jdbc.core.JdbcTemplate', 'org.springframework.jdbc.datasource.lookup.AbstractRoutingDataSource' (OnClassCondition)
      - @ConditionalOnEnabledHealthIndicator management.health.defaults.enabled is considered true (OnEnabledHealthIndicatorCondition)
      - @ConditionalOnBean (types: javax.sql.DataSource; SearchStrategy: all) found bean 'dataSource' (OnBeanCondition)

   DataSourceHealthContributorAutoConfiguration#dbHealthContributor matched:
      - @ConditionalOnMissingBean (names: dbHealthIndicator,dbHealthContributor; SearchStrategy: all) did not find any beans (OnBeanCondition)

   DataSourceInitializationConfiguration matched:
      - @ConditionalOnClass found required class 'org.springframework.jdbc.datasource.init.DatabasePopulator' (OnClassCondition)
      - @ConditionalOnSingleCandidate (types: javax.sql.DataSource; SearchStrategy: all) found a single bean 'dataSource'; @ConditionalOnMissingBean (types: org.springframework.boot.autoconfigure.sql.init.SqlDataSourceScriptDatabaseInitializer,org.springframework.boot.autoconfigure.sql.init.SqlR2dbcScriptDatabaseInitializer; SearchStrategy: all) did not find any beans (OnBeanCondition)

   DataSourcePoolMetadataProvidersConfiguration.HikariPoolDataSourceMetadataProviderConfiguration matched:
      - @ConditionalOnClass found required class 'com.zaxxer.hikari.HikariDataSource' (OnClassCondition)

   DataSourcePoolMetricsAutoConfiguration matched:
      - @ConditionalOnClass found required classes 'javax.sql.DataSource', 'io.micrometer.core.instrument.MeterRegistry' (OnClassCondition)
      - @ConditionalOnBean (types: javax.sql.DataSource,io.micrometer.core.instrument.MeterRegistry; SearchStrategy: all) found beans 'simpleMeterRegistry', 'dataSource' (OnBeanCondition)

   DataSourcePoolMetricsAutoConfiguration.DataSourcePoolMetadataMetricsConfiguration matched:
      - @ConditionalOnBean (types: org.springframework.boot.jdbc.metadata.DataSourcePoolMetadataProvider; SearchStrategy: all) found bean 'hikariPoolDataSourceMetadataProvider' (OnBeanCondition)

   DataSourcePoolMetricsAutoConfiguration.HikariDataSourceMetricsConfiguration matched:
      - @ConditionalOnClass found required class 'com.zaxxer.hikari.HikariDataSource' (OnClassCondition)

   DataSourceTransactionManagerAutoConfiguration matched:
      - @ConditionalOnClass found required classes 'org.springframework.jdbc.core.JdbcTemplate', 'org.springframework.transaction.TransactionManager' (OnClassCondition)

   DataSourceTransactionManagerAutoConfiguration.JdbcTransactionManagerConfiguration matched:
      - @ConditionalOnSingleCandidate (types: javax.sql.DataSource; SearchStrategy: all) found a single bean 'dataSource' (OnBeanCondition)

   DiskSpaceHealthContributorAutoConfiguration matched:
      - @ConditionalOnEnabledHealthIndicator management.health.defaults.enabled is considered true (OnEnabledHealthIndicatorCondition)

   DiskSpaceHealthContributorAutoConfiguration#diskSpaceHealthIndicator matched:
      - @ConditionalOnMissingBean (names: diskSpaceHealthIndicator; SearchStrategy: all) did not find any beans (OnBeanCondition)

   DispatcherServletAutoConfiguration matched:
      - @ConditionalOnClass found required class 'org.springframework.web.servlet.DispatcherServlet' (OnClassCondition)
      - found 'session' scope (OnWebApplicationCondition)

   DispatcherServletAutoConfiguration.DispatcherServletConfiguration matched:
      - @ConditionalOnClass found required class 'jakarta.servlet.ServletRegistration' (OnClassCondition)
      - Default DispatcherServlet did not find dispatcher servlet beans (DispatcherServletAutoConfiguration.DefaultDispatcherServletCondition)

   DispatcherServletAutoConfiguration.DispatcherServletRegistrationConfiguration matched:
      - @ConditionalOnClass found required class 'jakarta.servlet.ServletRegistration' (OnClassCondition)
      - DispatcherServlet Registration did not find servlet registration bean (DispatcherServletAutoConfiguration.DispatcherServletRegistrationCondition)

   DispatcherServletAutoConfiguration.DispatcherServletRegistrationConfiguration#dispatcherServletRegistration matched:
      - @ConditionalOnBean (names: dispatcherServlet types: org.springframework.web.servlet.DispatcherServlet; SearchStrategy: all) found bean 'dispatcherServlet' (OnBeanCondition)

   EmbeddedWebServerFactoryCustomizerAutoConfiguration matched:
      - @ConditionalOnWebApplication (required) found 'session' scope (OnWebApplicationCondition)

   EmbeddedWebServerFactoryCustomizerAutoConfiguration.NettyWebServerFactoryCustomizerConfiguration matched:
      - @ConditionalOnClass found required class 'reactor.netty.http.server.HttpServer' (OnClassCondition)

   EmbeddedWebServerFactoryCustomizerAutoConfiguration.TomcatWebServerFactoryCustomizerConfiguration matched:
      - @ConditionalOnClass found required classes 'org.apache.catalina.startup.Tomcat', 'org.apache.coyote.UpgradeProtocol' (OnClassCondition)

   EndpointAutoConfiguration#endpointCachingOperationInvokerAdvisor matched:
      - @ConditionalOnMissingBean (types: org.springframework.boot.actuate.endpoint.invoker.cache.CachingOperationInvokerAdvisor; SearchStrategy: all) did not find any beans (OnBeanCondition)

   EndpointAutoConfiguration#endpointOperationParameterMapper matched:
      - @ConditionalOnMissingBean (types: org.springframework.boot.actuate.endpoint.invoke.ParameterValueMapper; SearchStrategy: all) did not find any beans (OnBeanCondition)

   ErrorMvcAutoConfiguration matched:
      - @ConditionalOnClass found required classes 'jakarta.servlet.Servlet', 'org.springframework.web.servlet.DispatcherServlet' (OnClassCondition)
      - found 'session' scope (OnWebApplicationCondition)

   ErrorMvcAutoConfiguration#basicErrorController matched:
      - @ConditionalOnMissingBean (types: org.springframework.boot.web.servlet.error.ErrorController; SearchStrategy: current) did not find any beans (OnBeanCondition)

   ErrorMvcAutoConfiguration#errorAttributes matched:
      - @ConditionalOnMissingBean (types: org.springframework.boot.web.servlet.error.ErrorAttributes; SearchStrategy: current) did not find any beans (OnBeanCondition)

   ErrorMvcAutoConfiguration.DefaultErrorViewResolverConfiguration#conventionErrorViewResolver matched:
      - @ConditionalOnBean (types: org.springframework.web.servlet.DispatcherServlet; SearchStrategy: all) found bean 'dispatcherServlet'; @ConditionalOnMissingBean (types: org.springframework.boot.autoconfigure.web.servlet.error.ErrorViewResolver; SearchStrategy: all) did not find any beans (OnBeanCondition)

   ErrorMvcAutoConfiguration.WhitelabelErrorViewConfiguration matched:
      - @ConditionalOnProperty (server.error.whitelabel.enabled) matched (OnPropertyCondition)
      - ErrorTemplate Missing did not find error template view (ErrorMvcAutoConfiguration.ErrorTemplateMissingCondition)

   ErrorMvcAutoConfiguration.WhitelabelErrorViewConfiguration#beanNameViewResolver matched:
      - @ConditionalOnMissingBean (types: org.springframework.web.servlet.view.BeanNameViewResolver; SearchStrategy: all) did not find any beans (OnBeanCondition)

   ErrorMvcAutoConfiguration.WhitelabelErrorViewConfiguration#defaultErrorView matched:
      - @ConditionalOnMissingBean (names: error; SearchStrategy: all) did not find any beans (OnBeanCondition)

   HealthContributorAutoConfiguration#pingHealthContributor matched:
      - @ConditionalOnEnabledHealthIndicator management.health.defaults.enabled is considered true (OnEnabledHealthIndicatorCondition)

   HttpClientObservationsAutoConfiguration matched:
      - @ConditionalOnClass found required class 'io.micrometer.observation.Observation' (OnClassCondition)
      - @ConditionalOnBean (types: io.micrometer.observation.ObservationRegistry; SearchStrategy: all) found bean 'observationRegistry' (OnBeanCondition)

   HttpClientObservationsAutoConfiguration.MeterFilterConfiguration matched:
      - @ConditionalOnClass found required class 'io.micrometer.core.instrument.MeterRegistry' (OnClassCondition)
      - @ConditionalOnBean (types: io.micrometer.core.instrument.MeterRegistry; SearchStrategy: all) found bean 'simpleMeterRegistry' (OnBeanCondition)

   HttpEncodingAutoConfiguration matched:
      - @ConditionalOnClass found required class 'org.springframework.web.filter.CharacterEncodingFilter' (OnClassCondition)
      - found 'session' scope (OnWebApplicationCondition)
      - @ConditionalOnProperty (server.servlet.encoding.enabled) matched (OnPropertyCondition)

   HttpEncodingAutoConfiguration#characterEncodingFilter matched:
      - @ConditionalOnMissingBean (types: org.springframework.web.filter.CharacterEncodingFilter; SearchStrategy: all) did not find any beans (OnBeanCondition)

   HttpMessageConvertersAutoConfiguration matched:
      - @ConditionalOnClass found required class 'org.springframework.http.converter.HttpMessageConverter' (OnClassCondition)
      - NoneNestedConditions 0 matched 1 did not; NestedCondition on HttpMessageConvertersAutoConfiguration.NotReactiveWebApplicationCondition.ReactiveWebApplication not a reactive web application (HttpMessageConvertersAutoConfiguration.NotReactiveWebApplicationCondition)

   HttpMessageConvertersAutoConfiguration#messageConverters matched:
      - @ConditionalOnMissingBean (types: org.springframework.boot.autoconfigure.http.HttpMessageConverters; SearchStrategy: all) did not find any beans (OnBeanCondition)

   HttpMessageConvertersAutoConfiguration.StringHttpMessageConverterConfiguration matched:
      - @ConditionalOnClass found required class 'org.springframework.http.converter.StringHttpMessageConverter' (OnClassCondition)

   HttpMessageConvertersAutoConfiguration.StringHttpMessageConverterConfiguration#stringHttpMessageConverter matched:
      - @ConditionalOnMissingBean (types: org.springframework.http.converter.StringHttpMessageConverter; SearchStrategy: all) did not find any beans (OnBeanCondition)

   JacksonAutoConfiguration matched:
      - @ConditionalOnClass found required class 'com.fasterxml.jackson.databind.ObjectMapper' (OnClassCondition)

   JacksonAutoConfiguration.Jackson2ObjectMapperBuilderCustomizerConfiguration matched:
      - @ConditionalOnClass found required class 'org.springframework.http.converter.json.Jackson2ObjectMapperBuilder' (OnClassCondition)

   JacksonAutoConfiguration.JacksonObjectMapperBuilderConfiguration matched:
      - @ConditionalOnClass found required class 'org.springframework.http.converter.json.Jackson2ObjectMapperBuilder' (OnClassCondition)

   JacksonAutoConfiguration.JacksonObjectMapperBuilderConfiguration#jacksonObjectMapperBuilder matched:
      - @ConditionalOnMissingBean (types: org.springframework.http.converter.json.Jackson2ObjectMapperBuilder; SearchStrategy: all) did not find any beans (OnBeanCondition)

   JacksonAutoConfiguration.JacksonObjectMapperConfiguration matched:
      - @ConditionalOnClass found required class 'org.springframework.http.converter.json.Jackson2ObjectMapperBuilder' (OnClassCondition)

   JacksonAutoConfiguration.JacksonObjectMapperConfiguration#jacksonObjectMapper matched:
      - @ConditionalOnMissingBean (types: com.fasterxml.jackson.databind.ObjectMapper; SearchStrategy: all) did not find any beans (OnBeanCondition)

   JacksonAutoConfiguration.ParameterNamesModuleConfiguration matched:
      - @ConditionalOnClass found required class 'com.fasterxml.jackson.module.paramnames.ParameterNamesModule' (OnClassCondition)

   JacksonAutoConfiguration.ParameterNamesModuleConfiguration#parameterNamesModule matched:
      - @ConditionalOnMissingBean (types: com.fasterxml.jackson.module.paramnames.ParameterNamesModule; SearchStrategy: all) did not find any beans (OnBeanCondition)

   JacksonEndpointAutoConfiguration#endpointObjectMapper matched:
      - @ConditionalOnClass found required classes 'com.fasterxml.jackson.databind.ObjectMapper', 'org.springframework.http.converter.json.Jackson2ObjectMapperBuilder' (OnClassCondition)
      - @ConditionalOnProperty (management.endpoints.jackson.isolated-object-mapper) matched (OnPropertyCondition)

   JacksonHttpMessageConvertersConfiguration.MappingJackson2HttpMessageConverterConfiguration matched:
      - @ConditionalOnClass found required class 'com.fasterxml.jackson.databind.ObjectMapper' (OnClassCondition)
      - @ConditionalOnProperty (spring.mvc.converters.preferred-json-mapper=jackson) matched (OnPropertyCondition)
      - @ConditionalOnBean (types: com.fasterxml.jackson.databind.ObjectMapper; SearchStrategy: all) found bean 'jacksonObjectMapper' (OnBeanCondition)

   JacksonHttpMessageConvertersConfiguration.MappingJackson2HttpMessageConverterConfiguration#mappingJackson2HttpMessageConverter matched:
      - @ConditionalOnMissingBean (types: org.springframework.http.converter.json.MappingJackson2HttpMessageConverter ignored: org.springframework.hateoas.server.mvc.TypeConstrainedMappingJackson2HttpMessageConverter,org.springframework.data.rest.webmvc.alps.AlpsJsonHttpMessageConverter; SearchStrategy: all) did not find any beans (OnBeanCondition)

   JacksonHttpMessageConvertersConfiguration.MappingJackson2XmlHttpMessageConverterConfiguration matched:
      - @ConditionalOnClass found required class 'com.fasterxml.jackson.dataformat.xml.XmlMapper' (OnClassCondition)
      - @ConditionalOnBean (types: org.springframework.http.converter.json.Jackson2ObjectMapperBuilder; SearchStrategy: all) found bean 'jacksonObjectMapperBuilder' (OnBeanCondition)

   JacksonHttpMessageConvertersConfiguration.MappingJackson2XmlHttpMessageConverterConfiguration#mappingJackson2XmlHttpMessageConverter matched:
      - @ConditionalOnMissingBean (types: org.springframework.http.converter.xml.MappingJackson2XmlHttpMessageConverter; SearchStrategy: all) did not find any beans (OnBeanCondition)

   JdbcTemplateAutoConfiguration matched:
      - @ConditionalOnClass found required classes 'javax.sql.DataSource', 'org.springframework.jdbc.core.JdbcTemplate' (OnClassCondition)
      - @ConditionalOnSingleCandidate (types: javax.sql.DataSource; SearchStrategy: all) found a single bean 'dataSource' (OnBeanCondition)

   JdbcTemplateConfiguration matched:
      - @ConditionalOnMissingBean (types: org.springframework.jdbc.core.JdbcOperations; SearchStrategy: all) did not find any beans (OnBeanCondition)

   JvmMetricsAutoConfiguration matched:
      - @ConditionalOnClass found required class 'io.micrometer.core.instrument.MeterRegistry' (OnClassCondition)
      - @ConditionalOnBean (types: io.micrometer.core.instrument.MeterRegistry; SearchStrategy: all) found bean 'simpleMeterRegistry' (OnBeanCondition)

   JvmMetricsAutoConfiguration#classLoaderMetrics matched:
      - @ConditionalOnMissingBean (types: io.micrometer.core.instrument.binder.jvm.ClassLoaderMetrics; SearchStrategy: all) did not find any beans (OnBeanCondition)

   JvmMetricsAutoConfiguration#jvmCompilationMetrics matched:
      - @ConditionalOnMissingBean (types: io.micrometer.core.instrument.binder.jvm.JvmCompilationMetrics; SearchStrategy: all) did not find any beans (OnBeanCondition)

   JvmMetricsAutoConfiguration#jvmGcMetrics matched:
      - @ConditionalOnMissingBean (types: io.micrometer.core.instrument.binder.jvm.JvmGcMetrics; SearchStrategy: all) did not find any beans (OnBeanCondition)

   JvmMetricsAutoConfiguration#jvmHeapPressureMetrics matched:
      - @ConditionalOnMissingBean (types: io.micrometer.core.instrument.binder.jvm.JvmHeapPressureMetrics; SearchStrategy: all) did not find any beans (OnBeanCondition)

   JvmMetricsAutoConfiguration#jvmInfoMetrics matched:
      - @ConditionalOnMissingBean (types: io.micrometer.core.instrument.binder.jvm.JvmInfoMetrics; SearchStrategy: all) did not find any beans (OnBeanCondition)

   JvmMetricsAutoConfiguration#jvmMemoryMetrics matched:
      - @ConditionalOnMissingBean (types: io.micrometer.core.instrument.binder.jvm.JvmMemoryMetrics; SearchStrategy: all) did not find any beans (OnBeanCondition)

   JvmMetricsAutoConfiguration#jvmThreadMetrics matched:
      - @ConditionalOnMissingBean (types: io.micrometer.core.instrument.binder.jvm.JvmThreadMetrics; SearchStrategy: all) did not find any beans (OnBeanCondition)

   LifecycleAutoConfiguration#defaultLifecycleProcessor matched:
      - @ConditionalOnMissingBean (names: lifecycleProcessor; SearchStrategy: current) did not find any beans (OnBeanCondition)

   LogbackMetricsAutoConfiguration matched:
      - @ConditionalOnClass found required classes 'io.micrometer.core.instrument.MeterRegistry', 'ch.qos.logback.classic.LoggerContext', 'org.slf4j.LoggerFactory' (OnClassCondition)
      - LogbackLoggingCondition ILoggerFactory is a Logback LoggerContext (LogbackMetricsAutoConfiguration.LogbackLoggingCondition)
      - @ConditionalOnBean (types: io.micrometer.core.instrument.MeterRegistry; SearchStrategy: all) found bean 'simpleMeterRegistry' (OnBeanCondition)

   LogbackMetricsAutoConfiguration#logbackMetrics matched:
      - @ConditionalOnMissingBean (types: io.micrometer.core.instrument.binder.logging.LogbackMetrics; SearchStrategy: all) did not find any beans (OnBeanCondition)

   ManagementContextAutoConfiguration.SameManagementContextConfiguration matched:
      - Management Port actual port type (SAME) matched required type (OnManagementPortCondition)

   MetricsAutoConfiguration matched:
      - @ConditionalOnClass found required class 'io.micrometer.core.annotation.Timed' (OnClassCondition)

   MetricsAutoConfiguration#micrometerClock matched:
      - @ConditionalOnMissingBean (types: io.micrometer.core.instrument.Clock; SearchStrategy: all) did not find any beans (OnBeanCondition)

   MultipartAutoConfiguration matched:
      - @ConditionalOnClass found required classes 'jakarta.servlet.Servlet', 'org.springframework.web.multipart.support.StandardServletMultipartResolver', 'jakarta.servlet.MultipartConfigElement' (OnClassCondition)
      - found 'session' scope (OnWebApplicationCondition)
      - @ConditionalOnProperty (spring.servlet.multipart.enabled) matched (OnPropertyCondition)

   MultipartAutoConfiguration#multipartConfigElement matched:
      - @ConditionalOnMissingBean (types: jakarta.servlet.MultipartConfigElement; SearchStrategy: all) did not find any beans (OnBeanCondition)

   MultipartAutoConfiguration#multipartResolver matched:
      - @ConditionalOnMissingBean (types: org.springframework.web.multipart.MultipartResolver; SearchStrategy: all) did not find any beans (OnBeanCondition)

   MybatisAutoConfiguration matched:
      - @ConditionalOnClass found required classes 'org.apache.ibatis.session.SqlSessionFactory', 'org.mybatis.spring.SqlSessionFactoryBean' (OnClassCondition)
      - @ConditionalOnSingleCandidate (types: javax.sql.DataSource; SearchStrategy: all) found a single bean 'dataSource' (OnBeanCondition)

   MybatisLanguageDriverAutoConfiguration matched:
      - @ConditionalOnClass found required class 'org.apache.ibatis.scripting.LanguageDriver' (OnClassCondition)

   NamedParameterJdbcTemplateConfiguration matched:
      - @ConditionalOnSingleCandidate (types: org.springframework.jdbc.core.JdbcTemplate; SearchStrategy: all) found a single bean 'jdbcTemplate'; @ConditionalOnMissingBean (types: org.springframework.jdbc.core.namedparam.NamedParameterJdbcOperations; SearchStrategy: all) did not find any beans (OnBeanCondition)

   NettyAutoConfiguration matched:
      - @ConditionalOnClass found required class 'io.netty.util.NettyRuntime' (OnClassCondition)

   ObservationAutoConfiguration matched:
      - @ConditionalOnClass found required class 'io.micrometer.observation.ObservationRegistry' (OnClassCondition)

   ObservationAutoConfiguration#observationRegistry matched:
      - @ConditionalOnMissingBean (types: io.micrometer.observation.ObservationRegistry; SearchStrategy: all) did not find any beans (OnBeanCondition)

   ObservationAutoConfiguration.MeterObservationHandlerConfiguration matched:
      - @ConditionalOnBean (types: io.micrometer.core.instrument.MeterRegistry; SearchStrategy: all) found bean 'simpleMeterRegistry'; @ConditionalOnMissingBean (types: io.micrometer.core.instrument.observation.MeterObservationHandler; SearchStrategy: all) did not find any beans (OnBeanCondition)

   ObservationAutoConfiguration.MeterObservationHandlerConfiguration.OnlyMetricsMeterObservationHandlerConfiguration matched:
      - @ConditionalOnMissingBean (types: io.micrometer.tracing.Tracer; SearchStrategy: all) did not find any beans (OnBeanCondition)

   ObservationAutoConfiguration.OnlyMetricsConfiguration matched:
      - @ConditionalOnClass found required class 'io.micrometer.core.instrument.MeterRegistry'; @ConditionalOnMissingClass did not find unwanted class 'io.micrometer.tracing.Tracer' (OnClassCondition)

   PersistenceExceptionTranslationAutoConfiguration matched:
      - @ConditionalOnClass found required class 'org.springframework.dao.annotation.PersistenceExceptionTranslationPostProcessor' (OnClassCondition)

   PersistenceExceptionTranslationAutoConfiguration#persistenceExceptionTranslationPostProcessor matched:
      - @ConditionalOnProperty (spring.dao.exceptiontranslation.enabled) matched (OnPropertyCondition)
      - @ConditionalOnMissingBean (types: org.springframework.dao.annotation.PersistenceExceptionTranslationPostProcessor; SearchStrategy: all) did not find any beans (OnBeanCondition)

   PropertyPlaceholderAutoConfiguration#propertySourcesPlaceholderConfigurer matched:
      - @ConditionalOnMissingBean (types: org.springframework.context.support.PropertySourcesPlaceholderConfigurer; SearchStrategy: current) did not find any beans (OnBeanCondition)

   ReactiveSecurityAutoConfiguration matched:
      - @ConditionalOnClass found required classes 'reactor.core.publisher.Flux', 'org.springframework.security.config.annotation.web.reactive.EnableWebFluxSecurity', 'org.springframework.security.web.server.WebFilterChainProxy', 'org.springframework.web.reactive.config.WebFluxConfigurer' (OnClassCondition)

   ReactorNettyConfigurations.ReactorResourceFactoryConfiguration#reactorResourceFactory matched:
      - @ConditionalOnMissingBean (types: org.springframework.http.client.reactive.ReactorResourceFactory; SearchStrategy: all) did not find any beans (OnBeanCondition)

   RestTemplateAutoConfiguration matched:
      - @ConditionalOnClass found required class 'org.springframework.web.client.RestTemplate' (OnClassCondition)
      - NoneNestedConditions 0 matched 1 did not; NestedCondition on RestTemplateAutoConfiguration.NotReactiveWebApplicationCondition.ReactiveWebApplication not a reactive web application (RestTemplateAutoConfiguration.NotReactiveWebApplicationCondition)

   RestTemplateAutoConfiguration#restTemplateBuilder matched:
      - @ConditionalOnMissingBean (types: org.springframework.boot.web.client.RestTemplateBuilder; SearchStrategy: all) did not find any beans (OnBeanCondition)

   RestTemplateAutoConfiguration#restTemplateBuilderConfigurer matched:
      - @ConditionalOnMissingBean (types: org.springframework.boot.autoconfigure.web.client.RestTemplateBuilderConfigurer; SearchStrategy: all) did not find any beans (OnBeanCondition)

   RestTemplateObservationConfiguration matched:
      - @ConditionalOnClass found required class 'org.springframework.web.client.RestTemplate' (OnClassCondition)
      - @ConditionalOnBean (types: org.springframework.boot.web.client.RestTemplateBuilder; SearchStrategy: all) found bean 'restTemplateBuilder' (OnBeanCondition)

   SecurityAutoConfiguration matched:
      - @ConditionalOnClass found required class 'org.springframework.security.authentication.DefaultAuthenticationEventPublisher' (OnClassCondition)

   SecurityAutoConfiguration#authenticationEventPublisher matched:
      - @ConditionalOnMissingBean (types: org.springframework.security.authentication.AuthenticationEventPublisher; SearchStrategy: all) did not find any beans (OnBeanCondition)

   SecurityFilterAutoConfiguration matched:
      - @ConditionalOnClass found required classes 'org.springframework.security.web.context.AbstractSecurityWebApplicationInitializer', 'org.springframework.security.config.http.SessionCreationPolicy' (OnClassCondition)
      - found 'session' scope (OnWebApplicationCondition)

   SecurityFilterAutoConfiguration#securityFilterChainRegistration matched:
      - @ConditionalOnBean (names: springSecurityFilterChain; SearchStrategy: all) found bean 'springSecurityFilterChain' (OnBeanCondition)

   SecurityRequestMatchersManagementContextConfiguration matched:
      - @ConditionalOnClass found required class 'org.springframework.security.web.util.matcher.RequestMatcher' (OnClassCondition)
      - found 'session' scope (OnWebApplicationCondition)

   SecurityRequestMatchersManagementContextConfiguration.MvcRequestMatcherConfiguration matched:
      - @ConditionalOnClass found required class 'org.springframework.web.servlet.DispatcherServlet' (OnClassCondition)
      - @ConditionalOnBean (types: org.springframework.boot.autoconfigure.web.servlet.DispatcherServletPath; SearchStrategy: all) found bean 'dispatcherServletRegistration' (OnBeanCondition)

   SecurityRequestMatchersManagementContextConfiguration.MvcRequestMatcherConfiguration#requestMatcherProvider matched:
      - @ConditionalOnClass found required class 'org.springframework.web.servlet.DispatcherServlet' (OnClassCondition)
      - @ConditionalOnMissingBean (types: org.springframework.boot.autoconfigure.security.servlet.RequestMatcherProvider; SearchStrategy: all) did not find any beans (OnBeanCondition)

   ServletEndpointManagementContextConfiguration matched:
      - found 'session' scope (OnWebApplicationCondition)

   ServletEndpointManagementContextConfiguration.WebMvcServletEndpointManagementContextConfiguration matched:
      - @ConditionalOnClass found required class 'org.springframework.web.servlet.DispatcherServlet' (OnClassCondition)

   ServletManagementContextAutoConfiguration matched:
      - @ConditionalOnClass found required class 'jakarta.servlet.Servlet' (OnClassCondition)
      - found 'session' scope (OnWebApplicationCondition)

   ServletWebServerFactoryAutoConfiguration matched:
      - @ConditionalOnClass found required class 'jakarta.servlet.ServletRequest' (OnClassCondition)
      - found 'session' scope (OnWebApplicationCondition)

   ServletWebServerFactoryAutoConfiguration#tomcatServletWebServerFactoryCustomizer matched:
      - @ConditionalOnClass found required class 'org.apache.catalina.startup.Tomcat' (OnClassCondition)

   ServletWebServerFactoryConfiguration.EmbeddedTomcat matched:
      - @ConditionalOnClass found required classes 'jakarta.servlet.Servlet', 'org.apache.catalina.startup.Tomcat', 'org.apache.coyote.UpgradeProtocol' (OnClassCondition)
      - @ConditionalOnMissingBean (types: org.springframework.boot.web.servlet.server.ServletWebServerFactory; SearchStrategy: current) did not find any beans (OnBeanCondition)

   SimpleMetricsExportAutoConfiguration matched:
      - @ConditionalOnEnabledMetricsExport management.simple.metrics.export.enabled is true (OnMetricsExportEnabledCondition)
      - @ConditionalOnBean (types: io.micrometer.core.instrument.Clock; SearchStrategy: all) found bean 'micrometerClock'; @ConditionalOnMissingBean (types: io.micrometer.core.instrument.MeterRegistry; SearchStrategy: all) did not find any beans (OnBeanCondition)

   SimpleMetricsExportAutoConfiguration#simpleConfig matched:
      - @ConditionalOnMissingBean (types: io.micrometer.core.instrument.simple.SimpleConfig; SearchStrategy: all) did not find any beans (OnBeanCondition)

   SpringBootWebSecurityConfiguration matched:
      - found 'session' scope (OnWebApplicationCondition)

   SqlInitializationAutoConfiguration matched:
      - @ConditionalOnProperty (spring.sql.init.enabled) matched (OnPropertyCondition)
      - NoneNestedConditions 0 matched 1 did not; NestedCondition on SqlInitializationAutoConfiguration.SqlInitializationModeCondition.ModeIsNever @ConditionalOnProperty (spring.sql.init.mode=never) did not find property 'mode' (SqlInitializationAutoConfiguration.SqlInitializationModeCondition)

   StartupTimeMetricsListenerAutoConfiguration matched:
      - @ConditionalOnClass found required class 'io.micrometer.core.instrument.MeterRegistry' (OnClassCondition)
      - @ConditionalOnBean (types: io.micrometer.core.instrument.MeterRegistry; SearchStrategy: all) found bean 'simpleMeterRegistry' (OnBeanCondition)

   StartupTimeMetricsListenerAutoConfiguration#startupTimeMetrics matched:
      - @ConditionalOnMissingBean (types: org.springframework.boot.actuate.metrics.startup.StartupTimeMetricsListener; SearchStrategy: all) did not find any beans (OnBeanCondition)

   SystemMetricsAutoConfiguration matched:
      - @ConditionalOnClass found required class 'io.micrometer.core.instrument.MeterRegistry' (OnClassCondition)
      - @ConditionalOnBean (types: io.micrometer.core.instrument.MeterRegistry; SearchStrategy: all) found bean 'simpleMeterRegistry' (OnBeanCondition)

   SystemMetricsAutoConfiguration#diskSpaceMetrics matched:
      - @ConditionalOnMissingBean (types: org.springframework.boot.actuate.metrics.system.DiskSpaceMetricsBinder; SearchStrategy: all) did not find any beans (OnBeanCondition)

   SystemMetricsAutoConfiguration#fileDescriptorMetrics matched:
      - @ConditionalOnMissingBean (types: io.micrometer.core.instrument.binder.system.FileDescriptorMetrics; SearchStrategy: all) did not find any beans (OnBeanCondition)

   SystemMetricsAutoConfiguration#processorMetrics matched:
      - @ConditionalOnMissingBean (types: io.micrometer.core.instrument.binder.system.ProcessorMetrics; SearchStrategy: all) did not find any beans (OnBeanCondition)

   SystemMetricsAutoConfiguration#uptimeMetrics matched:
      - @ConditionalOnMissingBean (types: io.micrometer.core.instrument.binder.system.UptimeMetrics; SearchStrategy: all) did not find any beans (OnBeanCondition)

   TaskExecutionAutoConfiguration matched:
      - @ConditionalOnClass found required class 'org.springframework.scheduling.concurrent.ThreadPoolTaskExecutor' (OnClassCondition)

   TaskExecutionAutoConfiguration#applicationTaskExecutor matched:
      - @ConditionalOnMissingBean (types: java.util.concurrent.Executor; SearchStrategy: all) did not find any beans (OnBeanCondition)

   TaskExecutionAutoConfiguration#taskExecutorBuilder matched:
      - @ConditionalOnMissingBean (types: org.springframework.boot.task.TaskExecutorBuilder; SearchStrategy: all) did not find any beans (OnBeanCondition)

   TaskExecutorMetricsAutoConfiguration matched:
      - @ConditionalOnClass found required class 'io.micrometer.core.instrument.binder.jvm.ExecutorServiceMetrics' (OnClassCondition)
      - @ConditionalOnBean (types: java.util.concurrent.Executor,io.micrometer.core.instrument.MeterRegistry; SearchStrategy: all) found beans 'applicationTaskExecutor', 'simpleMeterRegistry', 'taskScheduler' (OnBeanCondition)

   TaskSchedulingAutoConfiguration matched:
      - @ConditionalOnClass found required class 'org.springframework.scheduling.concurrent.ThreadPoolTaskScheduler' (OnClassCondition)

   TaskSchedulingAutoConfiguration#scheduledBeanLazyInitializationExcludeFilter matched:
      - @ConditionalOnBean (names: org.springframework.context.annotation.internalScheduledAnnotationProcessor; SearchStrategy: all) found bean 'org.springframework.context.annotation.internalScheduledAnnotationProcessor' (OnBeanCondition)

   TaskSchedulingAutoConfiguration#taskScheduler matched:
      - @ConditionalOnBean (names: org.springframework.context.annotation.internalScheduledAnnotationProcessor; SearchStrategy: all) found bean 'org.springframework.context.annotation.internalScheduledAnnotationProcessor'; @ConditionalOnMissingBean (types: org.springframework.scheduling.annotation.SchedulingConfigurer,org.springframework.scheduling.TaskScheduler,java.util.concurrent.ScheduledExecutorService; SearchStrategy: all) did not find any beans (OnBeanCondition)

   TaskSchedulingAutoConfiguration#taskSchedulerBuilder matched:
      - @ConditionalOnMissingBean (types: org.springframework.boot.task.TaskSchedulerBuilder; SearchStrategy: all) did not find any beans (OnBeanCondition)

   TemplateEngineConfigurations.DefaultTemplateEngineConfiguration#templateEngine matched:
      - @ConditionalOnMissingBean (types: org.thymeleaf.spring6.ISpringTemplateEngine; SearchStrategy: all) did not find any beans (OnBeanCondition)

   ThymeleafAutoConfiguration matched:
      - @ConditionalOnClass found required classes 'org.thymeleaf.templatemode.TemplateMode', 'org.thymeleaf.spring6.SpringTemplateEngine' (OnClassCondition)

   ThymeleafAutoConfiguration.DefaultTemplateResolverConfiguration matched:
      - @ConditionalOnMissingBean (names: defaultTemplateResolver; SearchStrategy: all) did not find any beans (OnBeanCondition)

   ThymeleafAutoConfiguration.ThymeleafSecurityDialectConfiguration matched:
      - @ConditionalOnClass found required classes 'org.thymeleaf.extras.springsecurity6.dialect.SpringSecurityDialect', 'org.springframework.security.web.server.csrf.CsrfToken' (OnClassCondition)

   ThymeleafAutoConfiguration.ThymeleafSecurityDialectConfiguration#securityDialect matched:
      - @ConditionalOnMissingBean (types: org.thymeleaf.extras.springsecurity6.dialect.SpringSecurityDialect; SearchStrategy: all) did not find any beans (OnBeanCondition)

   ThymeleafAutoConfiguration.ThymeleafWebMvcConfiguration matched:
      - found 'session' scope (OnWebApplicationCondition)
      - @ConditionalOnProperty (spring.thymeleaf.enabled) matched (OnPropertyCondition)

   ThymeleafAutoConfiguration.ThymeleafWebMvcConfiguration.ThymeleafViewResolverConfiguration#thymeleafViewResolver matched:
      - @ConditionalOnMissingBean (names: thymeleafViewResolver; SearchStrategy: all) did not find any beans (OnBeanCondition)

   TomcatMetricsAutoConfiguration matched:
      - @ConditionalOnClass found required classes 'io.micrometer.core.instrument.binder.tomcat.TomcatMetrics', 'org.apache.catalina.Manager' (OnClassCondition)
      - @ConditionalOnWebApplication (required) found 'session' scope (OnWebApplicationCondition)

   TomcatMetricsAutoConfiguration#tomcatMetricsBinder matched:
      - @ConditionalOnBean (types: io.micrometer.core.instrument.MeterRegistry; SearchStrategy: all) found bean 'simpleMeterRegistry'; @ConditionalOnMissingBean (types: io.micrometer.core.instrument.binder.tomcat.TomcatMetrics,org.springframework.boot.actuate.metrics.web.tomcat.TomcatMetricsBinder; SearchStrategy: all) did not find any beans (OnBeanCondition)

   TransactionAutoConfiguration matched:
      - @ConditionalOnClass found required class 'org.springframework.transaction.PlatformTransactionManager' (OnClassCondition)

   TransactionAutoConfiguration#platformTransactionManagerCustomizers matched:
      - @ConditionalOnMissingBean (types: org.springframework.boot.autoconfigure.transaction.TransactionManagerCustomizers; SearchStrategy: all) did not find any beans (OnBeanCondition)

   TransactionAutoConfiguration.TransactionTemplateConfiguration matched:
      - @ConditionalOnSingleCandidate (types: org.springframework.transaction.PlatformTransactionManager; SearchStrategy: all) found a single bean 'transactionManager' (OnBeanCondition)

   TransactionAutoConfiguration.TransactionTemplateConfiguration#transactionTemplate matched:
      - @ConditionalOnMissingBean (types: org.springframework.transaction.support.TransactionOperations; SearchStrategy: all) did not find any beans (OnBeanCondition)

   UserDetailsServiceAutoConfiguration matched:
      - @ConditionalOnClass found required class 'org.springframework.security.authentication.AuthenticationManager' (OnClassCondition)
      - @ConditionalOnBean (types: org.springframework.security.config.annotation.ObjectPostProcessor; SearchStrategy: all) found bean 'objectPostProcessor'; @ConditionalOnMissingBean (types: org.springframework.security.authentication.AuthenticationManager,org.springframework.security.authentication.AuthenticationProvider,org.springframework.security.core.userdetails.UserDetailsService,org.springframework.security.authentication.AuthenticationManagerResolver,org.springframework.security.oauth2.jwt.JwtDecoder,org.springframework.security.oauth2.server.resource.introspection.OpaqueTokenIntrospector,org.springframework.security.oauth2.client.registration.ClientRegistrationRepository,org.springframework.security.saml2.provider.service.registration.RelyingPartyRegistrationRepository; SearchStrategy: all) did not find any beans (OnBeanCondition)

   WebClientAutoConfiguration matched:
      - @ConditionalOnClass found required class 'org.springframework.web.reactive.function.client.WebClient' (OnClassCondition)

   WebClientAutoConfiguration#webClientBuilder matched:
      - @ConditionalOnMissingBean (types: org.springframework.web.reactive.function.client.WebClient$Builder; SearchStrategy: all) did not find any beans (OnBeanCondition)

   WebClientAutoConfiguration.WebClientCodecsConfiguration matched:
      - @ConditionalOnBean (types: org.springframework.boot.web.codec.CodecCustomizer; SearchStrategy: all) found beans 'jacksonCodecCustomizer', 'defaultCodecCustomizer' (OnBeanCondition)

   WebClientAutoConfiguration.WebClientCodecsConfiguration#exchangeStrategiesCustomizer matched:
      - @ConditionalOnMissingBean (types: org.springframework.boot.autoconfigure.web.reactive.function.client.WebClientCodecCustomizer; SearchStrategy: all) did not find any beans (OnBeanCondition)

   WebClientObservationConfiguration matched:
      - @ConditionalOnClass found required class 'org.springframework.web.reactive.function.client.WebClient' (OnClassCondition)

   WebEndpointAutoConfiguration matched:
      - @ConditionalOnWebApplication (required) found 'session' scope (OnWebApplicationCondition)

   WebEndpointAutoConfiguration#controllerEndpointDiscoverer matched:
      - @ConditionalOnMissingBean (types: org.springframework.boot.actuate.endpoint.web.annotation.ControllerEndpointsSupplier; SearchStrategy: all) did not find any beans (OnBeanCondition)

   WebEndpointAutoConfiguration#endpointMediaTypes matched:
      - @ConditionalOnMissingBean (types: org.springframework.boot.actuate.endpoint.web.EndpointMediaTypes; SearchStrategy: all) did not find any beans (OnBeanCondition)

   WebEndpointAutoConfiguration#pathMappedEndpoints matched:
      - @ConditionalOnMissingBean (types: org.springframework.boot.actuate.endpoint.web.PathMappedEndpoints; SearchStrategy: all) did not find any beans (OnBeanCondition)

   WebEndpointAutoConfiguration#webEndpointDiscoverer matched:
      - @ConditionalOnMissingBean (types: org.springframework.boot.actuate.endpoint.web.WebEndpointsSupplier; SearchStrategy: all) did not find any beans (OnBeanCondition)

   WebEndpointAutoConfiguration.WebEndpointServletConfiguration matched:
      - found 'session' scope (OnWebApplicationCondition)

   WebEndpointAutoConfiguration.WebEndpointServletConfiguration#servletEndpointDiscoverer matched:
      - @ConditionalOnMissingBean (types: org.springframework.boot.actuate.endpoint.web.annotation.ServletEndpointsSupplier; SearchStrategy: all) did not find any beans (OnBeanCondition)

   WebMvcAutoConfiguration matched:
      - @ConditionalOnClass found required classes 'jakarta.servlet.Servlet', 'org.springframework.web.servlet.DispatcherServlet', 'org.springframework.web.servlet.config.annotation.WebMvcConfigurer' (OnClassCondition)
      - found 'session' scope (OnWebApplicationCondition)
      - @ConditionalOnMissingBean (types: org.springframework.web.servlet.config.annotation.WebMvcConfigurationSupport; SearchStrategy: all) did not find any beans (OnBeanCondition)

   WebMvcAutoConfiguration#formContentFilter matched:
      - @ConditionalOnProperty (spring.mvc.formcontent.filter.enabled) matched (OnPropertyCondition)
      - @ConditionalOnMissingBean (types: org.springframework.web.filter.FormContentFilter; SearchStrategy: all) did not find any beans (OnBeanCondition)

   WebMvcAutoConfiguration.EnableWebMvcConfiguration#flashMapManager matched:
      - @ConditionalOnMissingBean (names: flashMapManager; SearchStrategy: all) did not find any beans (OnBeanCondition)

   WebMvcAutoConfiguration.EnableWebMvcConfiguration#localeResolver matched:
      - @ConditionalOnMissingBean (names: localeResolver; SearchStrategy: all) did not find any beans (OnBeanCondition)

   WebMvcAutoConfiguration.EnableWebMvcConfiguration#themeResolver matched:
      - @ConditionalOnMissingBean (names: themeResolver; SearchStrategy: all) did not find any beans (OnBeanCondition)

   WebMvcAutoConfiguration.WebMvcAutoConfigurationAdapter#defaultViewResolver matched:
      - @ConditionalOnMissingBean (types: org.springframework.web.servlet.view.InternalResourceViewResolver; SearchStrategy: all) did not find any beans (OnBeanCondition)

   WebMvcAutoConfiguration.WebMvcAutoConfigurationAdapter#requestContextFilter matched:
      - @ConditionalOnMissingBean (types: org.springframework.web.context.request.RequestContextListener,org.springframework.web.filter.RequestContextFilter; SearchStrategy: all) did not find any beans (OnBeanCondition)

   WebMvcAutoConfiguration.WebMvcAutoConfigurationAdapter#viewResolver matched:
      - @ConditionalOnBean (types: org.springframework.web.servlet.ViewResolver; SearchStrategy: all) found beans 'defaultViewResolver', 'beanNameViewResolver', 'mvcViewResolver'; @ConditionalOnMissingBean (names: viewResolver types: org.springframework.web.servlet.view.ContentNegotiatingViewResolver; SearchStrategy: all) did not find any beans (OnBeanCondition)

   WebMvcEndpointManagementContextConfiguration matched:
      - @ConditionalOnClass found required class 'org.springframework.web.servlet.DispatcherServlet' (OnClassCondition)
      - found 'session' scope (OnWebApplicationCondition)
      - @ConditionalOnBean (types: org.springframework.web.servlet.DispatcherServlet,org.springframework.boot.actuate.endpoint.web.WebEndpointsSupplier; SearchStrategy: all) found beans 'webEndpointDiscoverer', 'dispatcherServlet' (OnBeanCondition)

   WebMvcEndpointManagementContextConfiguration#controllerEndpointHandlerMapping matched:
      - @ConditionalOnMissingBean (types: org.springframework.boot.actuate.endpoint.web.servlet.ControllerEndpointHandlerMapping; SearchStrategy: all) did not find any beans (OnBeanCondition)

   WebMvcEndpointManagementContextConfiguration#endpointObjectMapperWebMvcConfigurer matched:
      - @ConditionalOnBean (types: org.springframework.boot.actuate.endpoint.jackson.EndpointObjectMapper; SearchStrategy: all) found bean 'endpointObjectMapper' (OnBeanCondition)

   WebMvcEndpointManagementContextConfiguration#webEndpointServletHandlerMapping matched:
      - @ConditionalOnMissingBean (types: org.springframework.boot.actuate.endpoint.web.servlet.WebMvcEndpointHandlerMapping; SearchStrategy: all) did not find any beans (OnBeanCondition)

   WebMvcObservationAutoConfiguration matched:
      - @ConditionalOnClass found required classes 'org.springframework.web.servlet.DispatcherServlet', 'io.micrometer.observation.Observation' (OnClassCondition)
      - found 'session' scope (OnWebApplicationCondition)
      - @ConditionalOnBean (types: io.micrometer.observation.ObservationRegistry; SearchStrategy: all) found bean 'observationRegistry' (OnBeanCondition)

   WebMvcObservationAutoConfiguration#webMvcObservationFilter matched:
      - @ConditionalOnMissingBean (types: org.springframework.web.filter.ServerHttpObservationFilter; SearchStrategy: all) did not find any beans (OnBeanCondition)

   WebMvcObservationAutoConfiguration.MeterFilterConfiguration matched:
      - @ConditionalOnClass found required class 'io.micrometer.core.instrument.MeterRegistry' (OnClassCondition)
      - @ConditionalOnBean (types: io.micrometer.core.instrument.MeterRegistry; SearchStrategy: all) found bean 'simpleMeterRegistry' (OnBeanCondition)

   WebSocketMessagingAutoConfiguration matched:
      - @ConditionalOnClass found required class 'org.springframework.web.socket.config.annotation.WebSocketMessageBrokerConfigurer' (OnClassCondition)
      - found 'session' scope (OnWebApplicationCondition)

   WebSocketServletAutoConfiguration matched:
      - @ConditionalOnClass found required classes 'jakarta.servlet.Servlet', 'jakarta.websocket.server.ServerContainer' (OnClassCondition)
      - found 'session' scope (OnWebApplicationCondition)

   WebSocketServletAutoConfiguration.TomcatWebSocketConfiguration matched:
      - @ConditionalOnClass found required classes 'org.apache.catalina.startup.Tomcat', 'org.apache.tomcat.websocket.server.WsSci' (OnClassCondition)

   WebSocketServletAutoConfiguration.TomcatWebSocketConfiguration#websocketServletWebServerCustomizer matched:
      - @ConditionalOnMissingBean (names: websocketServletWebServerCustomizer; SearchStrategy: all) did not find any beans (OnBeanCondition)


Negative matches:
-----------------

   AopAutoConfiguration.AspectJAutoProxyingConfiguration:
      Did not match:
         - @ConditionalOnClass did not find required class 'org.aspectj.weaver.Advice' (OnClassCondition)

   AppOpticsMetricsExportAutoConfiguration:
      Did not match:
         - @ConditionalOnClass did not find required class 'io.micrometer.appoptics.AppOpticsMeterRegistry' (OnClassCondition)

   ArtemisAutoConfiguration:
      Did not match:
         - @ConditionalOnClass did not find required class 'jakarta.jms.ConnectionFactory' (OnClassCondition)

   AtlasMetricsExportAutoConfiguration:
      Did not match:
         - @ConditionalOnClass did not find required class 'io.micrometer.atlas.AtlasMeterRegistry' (OnClassCondition)

   AuditAutoConfiguration:
      Did not match:
         - @ConditionalOnBean (types: org.springframework.boot.actuate.audit.AuditEventRepository; SearchStrategy: all) did not find any beans of type org.springframework.boot.actuate.audit.AuditEventRepository (OnBeanCondition)
      Matched:
         - @ConditionalOnProperty (management.auditevents.enabled) matched (OnPropertyCondition)

   AuditEventsEndpointAutoConfiguration:
      Did not match:
         - @ConditionalOnAvailableEndpoint no 'management.endpoints' property marked it as exposed (OnAvailableEndpointCondition)

   AvailabilityHealthContributorAutoConfiguration#livenessStateHealthIndicator:
      Did not match:
         - @ConditionalOnProperty (management.health.livenessstate.enabled=true) did not find property 'enabled' (OnPropertyCondition)

   AvailabilityHealthContributorAutoConfiguration#readinessStateHealthIndicator:
      Did not match:
         - @ConditionalOnProperty (management.health.readinessstate.enabled=true) did not find property 'enabled' (OnPropertyCondition)

   AvailabilityProbesAutoConfiguration:
      Did not match:
         - Probes availability not running on a supported cloud platform (AvailabilityProbesAutoConfiguration.ProbesCondition)

   BatchAutoConfiguration:
      Did not match:
         - @ConditionalOnClass did not find required class 'org.springframework.batch.core.launch.JobLauncher' (OnClassCondition)

   BeansEndpointAutoConfiguration:
      Did not match:
         - @ConditionalOnAvailableEndpoint no 'management.endpoints' property marked it as exposed (OnAvailableEndpointCondition)

   BraveAutoConfiguration:
      Did not match:
         - @ConditionalOnClass did not find required class 'brave.Tracer' (OnClassCondition)

   Cache2kCacheConfiguration:
      Did not match:
         - @ConditionalOnClass did not find required class 'org.cache2k.Cache2kBuilder' (OnClassCondition)

   CacheAutoConfiguration:
      Did not match:
         - @ConditionalOnMissingBean (names: cacheResolver types: org.springframework.cache.CacheManager; SearchStrategy: all) found beans of type 'org.springframework.cache.CacheManager' cacheManager (OnBeanCondition)
      Matched:
         - @ConditionalOnClass found required class 'org.springframework.cache.CacheManager' (OnClassCondition)

   CacheAutoConfiguration.CacheManagerEntityManagerFactoryDependsOnPostProcessor:
      Did not match:
         - @ConditionalOnClass did not find required class 'org.springframework.orm.jpa.LocalContainerEntityManagerFactoryBean' (OnClassCondition)
         - Ancestor org.springframework.boot.autoconfigure.cache.CacheAutoConfiguration did not match (ConditionEvaluationReport.AncestorsMatchedCondition)

   CacheMeterBinderProvidersConfiguration.Cache2kCacheMeterBinderProviderConfiguration:
      Did not match:
         - @ConditionalOnClass did not find required classes 'org.cache2k.Cache2kBuilder', 'org.cache2k.extra.spring.SpringCache2kCache', 'org.cache2k.extra.micrometer.Cache2kCacheMetrics' (OnClassCondition)

   CacheMeterBinderProvidersConfiguration.HazelcastCacheMeterBinderProviderConfiguration:
      Did not match:
         - @ConditionalOnClass did not find required classes 'com.hazelcast.spring.cache.HazelcastCache', 'com.hazelcast.core.Hazelcast' (OnClassCondition)

   CacheMeterBinderProvidersConfiguration.JCacheCacheMeterBinderProviderConfiguration:
      Did not match:
         - @ConditionalOnClass did not find required class 'javax.cache.CacheManager' (OnClassCondition)

   CacheMeterBinderProvidersConfiguration.RedisCacheMeterBinderProviderConfiguration:
      Did not match:
         - @ConditionalOnClass did not find required class 'org.springframework.data.redis.cache.RedisCache' (OnClassCondition)

   CassandraAutoConfiguration:
      Did not match:
         - @ConditionalOnClass did not find required class 'com.datastax.oss.driver.api.core.CqlSession' (OnClassCondition)

   CassandraDataAutoConfiguration:
      Did not match:
         - @ConditionalOnClass did not find required class 'com.datastax.oss.driver.api.core.CqlSession' (OnClassCondition)

   CassandraHealthContributorAutoConfiguration:
      Did not match:
         - @ConditionalOnClass did not find required class 'com.datastax.oss.driver.api.core.CqlSession' (OnClassCondition)

   CassandraReactiveDataAutoConfiguration:
      Did not match:
         - @ConditionalOnClass did not find required class 'com.datastax.oss.driver.api.core.CqlSession' (OnClassCondition)

   CassandraReactiveHealthContributorAutoConfiguration:
      Did not match:
         - @ConditionalOnClass did not find required class 'com.datastax.oss.driver.api.core.CqlSession' (OnClassCondition)

   CassandraReactiveRepositoriesAutoConfiguration:
      Did not match:
         - @ConditionalOnClass did not find required class 'org.springframework.data.cassandra.ReactiveSession' (OnClassCondition)

   CassandraRepositoriesAutoConfiguration:
      Did not match:
         - @ConditionalOnClass did not find required class 'com.datastax.oss.driver.api.core.CqlSession' (OnClassCondition)

   ClientHttpConnectorConfiguration.HttpClient5:
      Did not match:
         - @ConditionalOnClass did not find required classes 'org.apache.hc.client5.http.impl.async.HttpAsyncClients', 'org.apache.hc.core5.http.nio.AsyncRequestProducer' (OnClassCondition)

   ClientHttpConnectorConfiguration.JdkClient:
      Did not match:
         - @ConditionalOnMissingBean (types: org.springframework.http.client.reactive.ClientHttpConnector; SearchStrategy: all) found beans of type 'org.springframework.http.client.reactive.ClientHttpConnector' reactorClientHttpConnector (OnBeanCondition)
      Matched:
         - @ConditionalOnClass found required class 'java.net.http.HttpClient' (OnClassCondition)

   ClientHttpConnectorConfiguration.JettyClient:
      Did not match:
         - @ConditionalOnClass did not find required class 'org.eclipse.jetty.reactive.client.ReactiveRequest' (OnClassCondition)

   CloudFoundryActuatorAutoConfiguration:
      Did not match:
         - @ConditionalOnCloudPlatform did not find CLOUD_FOUNDRY (OnCloudPlatformCondition)
      Matched:
         - @ConditionalOnClass found required class 'org.springframework.web.servlet.DispatcherServlet' (OnClassCondition)
         - found 'session' scope (OnWebApplicationCondition)
         - @ConditionalOnProperty (management.cloudfoundry.enabled) matched (OnPropertyCondition)

   CompositeMeterRegistryConfiguration:
      Did not match:
         - NoneNestedConditions 1 matched 1 did not; NestedCondition on CompositeMeterRegistryConfiguration.MultipleNonPrimaryMeterRegistriesCondition.SingleInjectableMeterRegistry @ConditionalOnSingleCandidate (types: io.micrometer.core.instrument.MeterRegistry; SearchStrategy: all) found a single bean 'simpleMeterRegistry'; NestedCondition on CompositeMeterRegistryConfiguration.MultipleNonPrimaryMeterRegistriesCondition.NoMeterRegistryCondition @ConditionalOnMissingBean (types: io.micrometer.core.instrument.MeterRegistry; SearchStrategy: all) found beans of type 'io.micrometer.core.instrument.MeterRegistry' simpleMeterRegistry (CompositeMeterRegistryConfiguration.MultipleNonPrimaryMeterRegistriesCondition)

   ConditionsReportEndpointAutoConfiguration:
      Did not match:
         - @ConditionalOnAvailableEndpoint no 'management.endpoints' property marked it as exposed (OnAvailableEndpointCondition)

   ConfigurationPropertiesReportEndpointAutoConfiguration:
      Did not match:
         - @ConditionalOnAvailableEndpoint no 'management.endpoints' property marked it as exposed (OnAvailableEndpointCondition)

   ConnectionFactoryHealthContributorAutoConfiguration:
      Did not match:
         - @ConditionalOnClass did not find required class 'io.r2dbc.spi.ConnectionFactory' (OnClassCondition)

   ConnectionPoolMetricsAutoConfiguration:
      Did not match:
         - @ConditionalOnClass did not find required class 'io.r2dbc.pool.ConnectionPool' (OnClassCondition)

   CouchbaseAutoConfiguration:
      Did not match:
         - @ConditionalOnClass did not find required class 'com.couchbase.client.java.Cluster' (OnClassCondition)

   CouchbaseCacheConfiguration:
      Did not match:
         - @ConditionalOnClass did not find required class 'com.couchbase.client.java.Cluster' (OnClassCondition)

   CouchbaseDataAutoConfiguration:
      Did not match:
         - @ConditionalOnClass did not find required class 'com.couchbase.client.java.Bucket' (OnClassCondition)

   CouchbaseHealthContributorAutoConfiguration:
      Did not match:
         - @ConditionalOnClass did not find required class 'com.couchbase.client.java.Cluster' (OnClassCondition)

   CouchbaseReactiveDataAutoConfiguration:
      Did not match:
         - @ConditionalOnClass did not find required class 'com.couchbase.client.java.Cluster' (OnClassCondition)

   CouchbaseReactiveHealthContributorAutoConfiguration:
      Did not match:
         - @ConditionalOnClass did not find required class 'com.couchbase.client.java.Cluster' (OnClassCondition)

   CouchbaseReactiveRepositoriesAutoConfiguration:
      Did not match:
         - @ConditionalOnClass did not find required class 'com.couchbase.client.java.Cluster' (OnClassCondition)

   CouchbaseRepositoriesAutoConfiguration:
      Did not match:
         - @ConditionalOnClass did not find required class 'com.couchbase.client.java.Bucket' (OnClassCondition)

   DataSourceAutoConfiguration.EmbeddedDatabaseConfiguration:
      Did not match:
         - EmbeddedDataSource found supported pooled data source (DataSourceAutoConfiguration.EmbeddedDatabaseCondition)

   DataSourceAutoConfiguration.PooledDataSourceConfiguration:
      Did not match:
         - @ConditionalOnMissingBean (types: javax.sql.DataSource,javax.sql.XADataSource; SearchStrategy: all) found beans of type 'javax.sql.DataSource' dataSource (OnBeanCondition)
      Matched:
         - AnyNestedCondition 1 matched 1 did not; NestedCondition on DataSourceAutoConfiguration.PooledDataSourceCondition.PooledDataSourceAvailable PooledDataSource found supported DataSource; NestedCondition on DataSourceAutoConfiguration.PooledDataSourceCondition.ExplicitType @ConditionalOnProperty (spring.datasource.type) did not find property 'type' (DataSourceAutoConfiguration.PooledDataSourceCondition)

   DataSourceConfiguration.Dbcp2:
      Did not match:
         - @ConditionalOnClass did not find required class 'org.apache.commons.dbcp2.BasicDataSource' (OnClassCondition)

   DataSourceConfiguration.Generic:
      Did not match:
         - @ConditionalOnProperty (spring.datasource.type) did not find property 'spring.datasource.type' (OnPropertyCondition)

   DataSourceConfiguration.OracleUcp:
      Did not match:
         - @ConditionalOnClass did not find required classes 'oracle.ucp.jdbc.PoolDataSourceImpl', 'oracle.jdbc.OracleConnection' (OnClassCondition)

   DataSourceConfiguration.Tomcat:
      Did not match:
         - @ConditionalOnClass did not find required class 'org.apache.tomcat.jdbc.pool.DataSource' (OnClassCondition)

   DataSourceJmxConfiguration:
      Did not match:
         - @ConditionalOnProperty (spring.jmx.enabled=true) found different value in property 'enabled' (OnPropertyCondition)

   DataSourcePoolMetadataProvidersConfiguration.CommonsDbcp2PoolDataSourceMetadataProviderConfiguration:
      Did not match:
         - @ConditionalOnClass did not find required class 'org.apache.commons.dbcp2.BasicDataSource' (OnClassCondition)

   DataSourcePoolMetadataProvidersConfiguration.OracleUcpPoolDataSourceMetadataProviderConfiguration:
      Did not match:
         - @ConditionalOnClass did not find required classes 'oracle.ucp.jdbc.PoolDataSource', 'oracle.jdbc.OracleConnection' (OnClassCondition)

   DataSourcePoolMetadataProvidersConfiguration.TomcatDataSourcePoolMetadataProviderConfiguration:
      Did not match:
         - @ConditionalOnClass did not find required class 'org.apache.tomcat.jdbc.pool.DataSource' (OnClassCondition)

   DataSourceTransactionManagerAutoConfiguration.JdbcTransactionManagerConfiguration#transactionManager:
      Did not match:
         - @ConditionalOnMissingBean (types: org.springframework.transaction.TransactionManager; SearchStrategy: all) found beans of type 'org.springframework.transaction.TransactionManager' transactionManager (OnBeanCondition)

   DatadogMetricsExportAutoConfiguration:
      Did not match:
         - @ConditionalOnClass did not find required class 'io.micrometer.datadog.DatadogMeterRegistry' (OnClassCondition)

   DispatcherServletAutoConfiguration.DispatcherServletConfiguration#multipartResolver:
      Did not match:
         - @ConditionalOnBean (types: org.springframework.web.multipart.MultipartResolver; SearchStrategy: all) did not find any beans of type org.springframework.web.multipart.MultipartResolver (OnBeanCondition)

   DynatraceMetricsExportAutoConfiguration:
      Did not match:
         - @ConditionalOnClass did not find required class 'io.micrometer.dynatrace.DynatraceMeterRegistry' (OnClassCondition)

   ElasticMetricsExportAutoConfiguration:
      Did not match:
         - @ConditionalOnClass did not find required class 'io.micrometer.elastic.ElasticMeterRegistry' (OnClassCondition)

   ElasticsearchClientAutoConfiguration:
      Did not match:
         - @ConditionalOnClass did not find required class 'co.elastic.clients.elasticsearch.ElasticsearchClient' (OnClassCondition)

   ElasticsearchDataAutoConfiguration:
      Did not match:
         - @ConditionalOnClass did not find required class 'org.springframework.data.elasticsearch.client.elc.ElasticsearchTemplate' (OnClassCondition)

   ElasticsearchReactiveHealthContributorAutoConfiguration:
      Did not match:
         - @ConditionalOnClass did not find required class 'org.springframework.data.elasticsearch.client.elc.ReactiveElasticsearchClient' (OnClassCondition)

   ElasticsearchRepositoriesAutoConfiguration:
      Did not match:
         - @ConditionalOnClass did not find required class 'org.springframework.data.elasticsearch.repository.ElasticsearchRepository' (OnClassCondition)

   ElasticsearchRestClientAutoConfiguration:
      Did not match:
         - @ConditionalOnClass did not find required class 'org.elasticsearch.client.RestClientBuilder' (OnClassCondition)

   ElasticsearchRestHealthContributorAutoConfiguration:
      Did not match:
         - @ConditionalOnClass did not find required class 'org.elasticsearch.client.RestClient' (OnClassCondition)

   EmbeddedLdapAutoConfiguration:
      Did not match:
         - @ConditionalOnClass did not find required class 'com.unboundid.ldap.listener.InMemoryDirectoryServer' (OnClassCondition)

   EmbeddedWebServerFactoryCustomizerAutoConfiguration.JettyWebServerFactoryCustomizerConfiguration:
      Did not match:
         - @ConditionalOnClass did not find required classes 'org.eclipse.jetty.server.Server', 'org.eclipse.jetty.util.Loader', 'org.eclipse.jetty.webapp.WebAppContext' (OnClassCondition)

   EmbeddedWebServerFactoryCustomizerAutoConfiguration.UndertowWebServerFactoryCustomizerConfiguration:
      Did not match:
         - @ConditionalOnClass did not find required classes 'io.undertow.Undertow', 'org.xnio.SslClientAuthMode' (OnClassCondition)

   EnvironmentEndpointAutoConfiguration:
      Did not match:
         - @ConditionalOnAvailableEndpoint no 'management.endpoints' property marked it as exposed (OnAvailableEndpointCondition)

   ErrorWebFluxAutoConfiguration:
      Did not match:
         - not a reactive web application (OnWebApplicationCondition)
      Matched:
         - @ConditionalOnClass found required class 'org.springframework.web.reactive.config.WebFluxConfigurer' (OnClassCondition)

   FlywayAutoConfiguration:
      Did not match:
         - @ConditionalOnClass did not find required class 'org.flywaydb.core.Flyway' (OnClassCondition)

   FlywayEndpointAutoConfiguration:
      Did not match:
         - @ConditionalOnClass did not find required class 'org.flywaydb.core.Flyway' (OnClassCondition)

   FreeMarkerAutoConfiguration:
      Did not match:
         - @ConditionalOnClass did not find required class 'freemarker.template.Configuration' (OnClassCondition)

   GangliaMetricsExportAutoConfiguration:
      Did not match:
         - @ConditionalOnClass did not find required class 'io.micrometer.ganglia.GangliaMeterRegistry' (OnClassCondition)

   GenericCacheConfiguration:
      Did not match:
         - Cache org.springframework.boot.autoconfigure.cache.GenericCacheConfiguration unknown cache type (CacheCondition)

   GraphQlAutoConfiguration:
      Did not match:
         - @ConditionalOnClass did not find required class 'graphql.GraphQL' (OnClassCondition)

   GraphQlObservationAutoConfiguration:
      Did not match:
         - @ConditionalOnClass did not find required class 'graphql.GraphQL' (OnClassCondition)

   GraphQlQueryByExampleAutoConfiguration:
      Did not match:
         - @ConditionalOnClass did not find required class 'graphql.GraphQL' (OnClassCondition)

   GraphQlQuerydslAutoConfiguration:
      Did not match:
         - @ConditionalOnClass did not find required class 'graphql.GraphQL' (OnClassCondition)

   GraphQlRSocketAutoConfiguration:
      Did not match:
         - @ConditionalOnClass did not find required class 'graphql.GraphQL' (OnClassCondition)

   GraphQlReactiveQueryByExampleAutoConfiguration:
      Did not match:
         - @ConditionalOnClass did not find required class 'graphql.GraphQL' (OnClassCondition)

   GraphQlReactiveQuerydslAutoConfiguration:
      Did not match:
         - @ConditionalOnClass did not find required class 'graphql.GraphQL' (OnClassCondition)

   GraphQlWebFluxAutoConfiguration:
      Did not match:
         - @ConditionalOnClass did not find required class 'graphql.GraphQL' (OnClassCondition)

   GraphQlWebFluxSecurityAutoConfiguration:
      Did not match:
         - @ConditionalOnClass did not find required class 'graphql.GraphQL' (OnClassCondition)

   GraphQlWebMvcAutoConfiguration:
      Did not match:
         - @ConditionalOnClass did not find required class 'graphql.GraphQL' (OnClassCondition)

   GraphQlWebMvcSecurityAutoConfiguration:
      Did not match:
         - @ConditionalOnClass did not find required class 'graphql.GraphQL' (OnClassCondition)

   GraphiteMetricsExportAutoConfiguration:
      Did not match:
         - @ConditionalOnClass did not find required class 'io.micrometer.graphite.GraphiteMeterRegistry' (OnClassCondition)

   GroovyTemplateAutoConfiguration:
      Did not match:
         - @ConditionalOnClass did not find required class 'groovy.text.markup.MarkupTemplateEngine' (OnClassCondition)

   GsonAutoConfiguration:
      Did not match:
         - @ConditionalOnClass did not find required class 'com.google.gson.Gson' (OnClassCondition)

   GsonHttpMessageConvertersConfiguration:
      Did not match:
         - @ConditionalOnClass did not find required class 'com.google.gson.Gson' (OnClassCondition)

   H2ConsoleAutoConfiguration:
      Did not match:
         - @ConditionalOnClass did not find required class 'org.h2.server.web.JakartaWebServlet' (OnClassCondition)

   HazelcastAutoConfiguration:
      Did not match:
         - @ConditionalOnClass did not find required class 'com.hazelcast.core.HazelcastInstance' (OnClassCondition)

   HazelcastCacheConfiguration:
      Did not match:
         - @ConditionalOnClass did not find required class 'com.hazelcast.core.HazelcastInstance' (OnClassCondition)

   HazelcastHealthContributorAutoConfiguration:
      Did not match:
         - @ConditionalOnClass did not find required class 'com.hazelcast.core.HazelcastInstance' (OnClassCondition)

   HazelcastJpaDependencyAutoConfiguration:
      Did not match:
         - @ConditionalOnClass did not find required class 'com.hazelcast.core.HazelcastInstance' (OnClassCondition)

   HealthEndpointAutoConfiguration:
      Did not match:
         - @ConditionalOnAvailableEndpoint no 'management.endpoints' property marked it as exposed (OnAvailableEndpointCondition)

   HeapDumpWebEndpointAutoConfiguration:
      Did not match:
         - @ConditionalOnAvailableEndpoint no 'management.endpoints' property marked it as exposed (OnAvailableEndpointCondition)

   HibernateJpaAutoConfiguration:
      Did not match:
         - @ConditionalOnClass did not find required class 'jakarta.persistence.EntityManager' (OnClassCondition)

   HibernateMetricsAutoConfiguration:
      Did not match:
         - @ConditionalOnClass did not find required class 'jakarta.persistence.EntityManagerFactory' (OnClassCondition)

   HttpExchangesAutoConfiguration:
      Did not match:
         - @ConditionalOnBean (types: org.springframework.boot.actuate.web.exchanges.HttpExchangeRepository; SearchStrategy: all) did not find any beans of type org.springframework.boot.actuate.web.exchanges.HttpExchangeRepository (OnBeanCondition)
      Matched:
         - @ConditionalOnWebApplication (required) found 'session' scope (OnWebApplicationCondition)
         - @ConditionalOnProperty (management.httpexchanges.recording.enabled) matched (OnPropertyCondition)

   HttpExchangesAutoConfiguration.ReactiveHttpExchangesConfiguration:
      Did not match:
         - not a reactive web application (OnWebApplicationCondition)
         - Ancestor org.springframework.boot.actuate.autoconfigure.web.exchanges.HttpExchangesAutoConfiguration did not match (ConditionEvaluationReport.AncestorsMatchedCondition)

   HttpExchangesAutoConfiguration.ServletHttpExchangesConfiguration:
      Did not match:
         - Ancestor org.springframework.boot.actuate.autoconfigure.web.exchanges.HttpExchangesAutoConfiguration did not match (ConditionEvaluationReport.AncestorsMatchedCondition)
      Matched:
         - found 'session' scope (OnWebApplicationCondition)

   HttpExchangesEndpointAutoConfiguration:
      Did not match:
         - @ConditionalOnAvailableEndpoint no 'management.endpoints' property marked it as exposed (OnAvailableEndpointCondition)

   HttpHandlerAutoConfiguration:
      Did not match:
         - not a reactive web application (OnWebApplicationCondition)
      Matched:
         - @ConditionalOnClass found required classes 'org.springframework.web.reactive.DispatcherHandler', 'org.springframework.http.server.reactive.HttpHandler' (OnClassCondition)

   HumioMetricsExportAutoConfiguration:
      Did not match:
         - @ConditionalOnClass did not find required class 'io.micrometer.humio.HumioMeterRegistry' (OnClassCondition)

   HypermediaAutoConfiguration:
      Did not match:
         - @ConditionalOnClass did not find required class 'org.springframework.hateoas.EntityModel' (OnClassCondition)

   InfinispanCacheConfiguration:
      Did not match:
         - @ConditionalOnClass did not find required class 'org.infinispan.spring.embedded.provider.SpringEmbeddedCacheManager' (OnClassCondition)

   InfluxDbAutoConfiguration:
      Did not match:
[...]
2024-11-24 17:52:55 - <==        Row: 35121, 10500, 1, 50110, 565, 14, 서광로, 50110, 3349090, 3, 0, 204, 0, 삼도일동, 아이린2차, 565-14, 110.21, 2024, 1, 12, 41500, 4, 50110-3528,  ,  , 중개거래, 제주 제주시, null,  , 개인, 개인, N, 2013, 126.518, 33.4996, Y, N, 2024-11-17 18:34:18, 2024-11-17 21:17:54, 3f0d403b836c6b0f8062cbc1dd8fb7a6
2024-11-24 17:52:55 - <==        Row: 35122, 10900, 1, 50110, 609, 68, 용화로5길, 50110, 4848449, 1, 0, 13, 0, 용담이동, 남양맨션, 609-68, 71.87, 2024, 1, 12, 15000, 3, 50110-86,  ,  , 중개거래, 제주 제주시, null, 남양맨션 다, 개인, 개인, N, 1989, 126.506, 33.5111, Y, N, 2024-11-17 18:34:18, 2024-11-17 21:17:54, 26a9b65ce1f49bcc0b85a5f11f9e8650
2024-11-24 17:52:55 - <==        Row: 35129, 10300, 1, 50110, 1692, 2, 오현길, 50110, 4848350, 1, 0, 9, 0, 이도일동, 신세계에덴, 1692-2, 59.986, 2024, 1, 12, 19000, 2, 50110-33,  ,  , 중개거래, 제주 제주시, null,  , 개인, 개인, N, 1995, 126.527, 33.5064, Y, N, 2024-11-17 18:34:19, 2024-11-17 21:17:54, 24d3acb7dc8b616aa41ae3274e7dead6
2024-11-24 17:52:55 - <==        Row: 35012, 12200, 1, 50110, 1273, 6, 남녕로, 50110, 3349036, 1, 0, 17, 0, 노형동, 연동, 1273-6, 78.39, 2024, 1, 12, 21000, 2, 50110-191,  ,  , 중개거래, 제주 제주시, null, 가, 개인, 개인, N, 1991, 126.482, 33.4895, Y, N, 2024-11-17 18:34:15, 2024-11-17 21:17:49, 7099f46810336cff7858c1a508160946
2024-11-24 17:52:55 - <==        Row: 35070, 10400, 1, 50110, 324, 6, 천수로, 50110, 3349190, 2, 0, 21, 0, 이도이동, 동인미노스빌(가동), 324-6, 56.59, 2024, 1, 12, 24500, 10, 50110-230,  ,  , 중개거래, 제주 제주시, null,  , 개인, 개인, N, 2003, 126.539, 33.5028, Y, N, 2024-11-17 18:34:17, 2024-11-17 21:17:52, 60cdd48bee8adc135f3fc4774c6bcd5a
2024-11-24 17:52:55 - <==        Row: 35120, 13700, 1, 50110, 2325, 4, 성신로1길, 50110, 4847993, 1, 0, 22, 0, 연동, 신우스위트빌3차, 2325-4, 43.96, 2024, 1, 11, 19000, 13, 50110-307,  ,  , 중개거래, 제주 제주시, null,  , 개인, 개인, N, 2003, 126.488, 33.4916, Y, N, 2024-11-17 18:34:18, 2024-11-17 21:17:54, 580a58663fcdb90bd789134f43005721
2024-11-24 17:52:55 - <==        Row: 35124, 10200, 1, 50110, 360, 11, 동광로15길, 50110, 4847561, 1, 0, 2, 0, 일도이동, 일도위더스빌23차, 360-11, 84.2, 2024, 1, 11, 43500, 8, 50110-3651,  ,  , 중개거래, 제주 제주시, null,  , 개인, 개인, N, 2014, 126.538, 33.506, Y, N, 2024-11-17 18:34:19, 2024-11-17 21:17:54, 8c7744ad309d9af722f1e1d2016cf09e
2024-11-24 17:52:55 - <==        Row: 35125, 25340, 1, 50110, 167, 0, 하귀9길, 50110, 4848952, 1, 0, 45, 0, 애월읍 하귀1리, 제주하귀휴먼시아1단지, 167, 84.97, 2024, 1, 11, 42150, 5, 50110-3078,  ,  , 중개거래, 제주 제주시, null, 102, 개인, 개인, N, 2010, 126.417, 33.4837, Y, N, 2024-11-17 18:34:19, 2024-11-17 21:17:54, 4ad8d247084ce8c29b6ff928706e995b
2024-11-24 17:52:55 - <==        Row: 35128, 12900, 1, 50110, 902, 0, 서광로22길, 50110, 4847888, 2, 0, 32, 0, 도남동, 도남2차e-편한세상, 902, 103.488, 2024, 1, 11, 53000, 2, 50110-403,  ,  , 중개거래, 제주 제주시, null, 도남2차e-편한세상 202, 개인, 개인, N, 2005, 126.522, 33.4976, Y, N, 2024-11-17 18:34:19, 2024-11-17 21:17:54, 6f27726f1fd547d2ceab560126206928
2024-11-24 17:52:55 - <==        Row: 35132, 13700, 1, 50110, 2333, 13, 일주서로, 50110, 3349236, 8, 0, 7898, 0, 연동, 갤럭시연동빌, 2333-13, 31.614, 2024, 1, 11, 8500, 9, 50110-3299,  ,  , 중개거래, 제주 제주시, null,  , 개인, 개인, N, 2012, 126.49, 33.4936, Y, N, 2024-11-17 18:34:19, 2024-11-17 21:17:54, 1985991c6f3008b3423d5a50e7176317
2024-11-24 17:52:55 - <==        Row: 35133, 12200, 1, 50110, 1058, 1, 수덕로, 50110, 3349107, 1, 0, 25, 0, 노형동, 노형수선화, 1058-1, 59.9, 2024, 1, 11, 21500, 3, 50110-171,  ,  , 중개거래, 제주 제주시, null, 나, 개인, 개인, N, 1994, 126.474, 33.4874, Y, N, 2024-11-17 18:34:19, 2024-11-17 21:17:54, eaa8886b298b070e257e2390e4a29a97
2024-11-24 17:52:55 - <==        Row: 35134, 12000, 1, 50110, 1495, 0, 연사2길, 50110, 4848272, 0, 0, 16, 11, 오라이동, 화인퍼스트빌3차, 1495, 83.94, 2024, 1, 11, 38000, 7, 50110-3978,  ,  , 직거래,  , null,  , 개인, 개인, N, 2016, 126.512, 33.4871, Y, N, 2024-11-17 18:34:19, 2024-11-17 21:17:54, a6aca6956513337bfd17268d0b909432
2024-11-24 17:52:55 - <==        Row: 35074, 25921, 1, 50110, 1930, 0, 신북로, 50110, 3349112, 1, 0, 93, 0, 조천읍 신촌리, 거웅라피네, 1930, 84.68, 2024, 1, 10, 25000, 5, 50110-3698,  ,  , 중개거래, 제주 제주시, null,  , 법인, 개인, N, 2014, 126.623, 33.5357, Y, N, 2024-11-17 18:34:17, 2024-11-17 21:17:52, 6bda0bb477ac5213fed9ac3fe7e69487
2024-11-24 17:52:55 - <==        Row: 35090, 13700, 1, 50110, 1399, 0, 국기로, 50110, 3349025, 1, 0, 14, 0, 연동, 대림이편한세상1차, 1399, 59.953, 2024, 1, 10, 56800, 5, 50110-135,  ,  , 중개거래, 제주 제주시, null, 102, 개인, 개인, N, 2001, 126.489, 33.4802, Y, N, 2024-11-17 18:34:17, 2024-11-17 21:17:53, 3e27b54b1895b421d19fc9ffcb0ed222
2024-11-24 17:52:55 - <==        Row: 35106, 12700, 1, 50110, 2614, 0, 도두항서길, 50110, 4847524, 0, 0, 41, 0, 도두일동, 블루파크시티, 2614, 24.8006, 2024, 1, 10, 11800, 9, 50110-4472,  ,  , 중개거래, 제주 제주시, null,  , 법인, 개인, N, 2018, 126.464, 33.506, Y, N, 2024-11-17 18:34:18, 2024-11-17 21:17:53, f86d6dac303a3d82917372e87629759f
2024-11-24 17:52:55 - <==        Row: 35138, 10500, 1, 50110, 530, 23, 서사로, 50110, 3349092, 1, 0, 96, 0, 삼도일동, 서림아이빌, 530-23, 84.34, 2024, 1, 10, 21000, 3, 50110-3120,  ,  , 직거래,  , null,  , 개인, 개인, N, 2011, 126.52, 33.5039, Y, N, 2024-11-17 18:34:19, 2024-11-17 21:17:55, eb9a12dbd805cbc5e6f90e991bf7d923
2024-11-24 17:52:55 - <==        Row: 35139, 10400, 1, 50110, 1034, 3, 중앙로, 50110, 3349184, 3, 0, 261, 1, 이도이동, TS주상복합빌딩, 1034-3, 27.88, 2024, 1, 10, 6550, 3, 50110-3063,  ,  , 직거래,  , null,  , 개인, 개인, N, 2010, 126.532, 33.497, Y, N, 2024-11-17 18:34:19, 2024-11-17 21:17:55, 06505bb046b4d20fbe99baaf00507484
2024-11-24 17:52:55 - <==        Row: 35039, 25028, 1, 50110, 283, 0, 한림로, 50110, 3349208, 1, , 554, 0, 한림읍 옹포리, 한림오션캐슬아파트, 283, 84.919, 2024, 1, 10, 30000, 3, 50110-4523,  ,  , 중개거래, 제주 제주시, null, 102동, 개인, 개인, N, 2018, 126.257, 33.4067, Y, N, 2024-11-17 18:34:16, 2024-11-17 21:17:51, eb7952d44c4f0fd0d46cc3882a229e5a
2024-11-24 17:52:55 - <==        Row: 35058, 13700, 1, 50110, 304, 5, 신대로, 50110, 3349111, 1, 0, 136, 0, 연동, 코스모스태홍누리안5차, 304-5, 77.4, 2024, 1, 10, 37000, 4, 50110-3438,  ,  , 중개거래, 제주 제주시, null,  , 개인, 개인, N, 2013, 126.496, 33.4851, Y, N, 2024-11-17 18:34:16, 2024-11-17 21:17:51, 1e7d0e9bb0941a8b3d9c1ba587fa9162
2024-11-24 17:52:55 - <==        Row: 35087, 12300, 1, 50110, 560, 1, 우정로11길, 50110, 4848472, 1, 0, 22, 0, 외도일동, 외도부영1차, 560-1, 39.84, 2024, 1, 9, 16000, 4, 50110-374,  ,  , 중개거래, 제주 제주시, null, 103, 개인, 개인, N, 2000, 126.434, 33.4876, Y, N, 2024-11-17 18:34:17, 2024-11-17 21:17:53, 6ea32fff2d7206c4b10009a171e0712c
2024-11-24 17:52:55 - <==        Row: 35111, 13700, 1, 50110, 308, 2, 비월길, 50110, 4847779, 1, 0, 26, 0, 연동, 울담뜨레빌3차, 308-2, 83.76, 2024, 1, 9, 38000, 8, 50110-3123,  ,  , 중개거래, 제주 제주시, null,  , 개인, 개인, N, 2011, 126.497, 33.4833, Y, N, 2024-11-17 18:34:18, 2024-11-17 21:17:54, 2287ae66da1e7ccd9d32d4ac3b190e7c
2024-11-24 17:52:55 - <==        Row: 35123, 12000, 1, 50110, 1400, 7, 사평6길, 50110, 4847804, 0, 0, 37, 15, 오라이동, 벽강하이본타워(5차), 1400-7, 67.3826, 2024, 1, 9, 28500, 5, 50110-4380,  ,  , 중개거래, 제주 제주시, null, 102동, 개인, 개인, N, 2018, 126.515, 33.4898, Y, N, 2024-11-17 18:34:18, 2024-11-17 21:17:54, 17e06a728df403e994cf34a1974701c0
2024-11-24 17:52:55 - <==        Row: 35130, 11100, 1, 50110, 9, 1, 동화로1길, 50110, 4847618, 1, 0, 39, 0, 화북일동, 화북주공2,3단지, 9-1, 59.93, 2024, 1, 9, 33500, 5, 50110-115,  ,  , 중개거래, 제주 제주시, null, 화북2아파트208, 개인, 개인, N, 1998, 126.577, 33.5209, Y, N, 2024-11-17 18:34:19, 2024-11-17 21:17:54, cdc9fefc132f11bf07d4fb9d431b1679
2024-11-24 17:52:55 - <==        Row: 35136, 25924, 1, 50110, 4168, 0, 함덕30길, 50110, 4849052, 1, 0, 27, 0, 조천읍 함덕리, 광명샤인빌, 4168, 59.2517, 2024, 1, 9, 22500, 2, 50110-2908, O, 24.02.20, 중개거래, 제주 제주시, null,  , 개인, 개인, N, 2006, 126.677, 33.538, Y, N, 2024-11-17 18:34:19, 2024-11-17 21:17:55, 70c8801a3fa1d2e5d4b7bca1f2cca521
2024-11-24 17:52:55 - <==        Row: 35140, 12200, 1, 50110, 943, 0, 원노형10길, 50110, 4848490, 0, 0, 20, 0, 노형동, 노형해모로루엔, 943, 59.9799, 2024, 1, 9, 56000, 13, 50110-4660,  ,  , 중개거래, 제주 제주시, null, 101동, 개인, 개인, N, 2019, 126.486, 33.4846, Y, N, 2024-11-17 18:34:19, 2024-11-17 21:17:55, 4a6aa6dc2004f3fcfc1faab7eb4fac41
2024-11-24 17:52:55 - <==        Row: 35060, 10300, 1, 50110, 1326, 9, 중앙로23길, 50110, 4848772, 1, 0, 26, 0, 이도일동, 다솜, 1326-9, 74.1311, 2024, 1, 9, 27700, 9, 50110-3396,  ,  , 중개거래, 제주 제주시, null,  , 개인, 개인, N, 2012, 126.528, 33.5077, Y, N, 2024-11-17 18:34:16, 2024-11-17 21:17:51, d775785a56def86a06c35dbece26abbf
2024-11-24 17:52:55 - <==        Row: 35089, 12300, 1, 50110, 418, 6, 우정로4길, 50110, 4848480, 0, 0, 4, 0, 외도일동, 백강수피아5차, 418-6, 84.76, 2024, 1, 8, 41500, 12, 50110-4431,  ,  , 중개거래, 제주 제주시, null,  , 개인, 개인, N, 2018, 126.431, 33.4916, Y, N, 2024-11-17 18:34:17, 2024-11-17 21:17:53, cfaf0e5b821409172a4fc629afe75f4e
2024-11-24 17:52:55 - <==        Row: 35092, 12300, 1, 50110, 560, 1, 우정로11길, 50110, 4848472, 1, 0, 22, 0, 외도일동, 외도부영1차, 560-1, 59.933, 2024, 1, 8, 24000, 1, 50110-374,  ,  , 직거래,  , null, 107, 개인, 개인, N, 2000, 126.434, 33.4876, Y, N, 2024-11-17 18:34:17, 2024-11-17 21:17:53, fafc3dbfc28c56da9f70b3b9a4d2723d
2024-11-24 17:52:55 - <==        Row: 35098, 13700, 1, 50110, 1399, 0, 국기로, 50110, 3349025, 1, 0, 14, 0, 연동, 대림이편한세상1차, 1399, 75.014, 2024, 1, 8, 75000, 10, 50110-135,  ,  , 중개거래, 제주 제주시, null, 106, 개인, 개인, N, 2001, 126.489, 33.4802, Y, N, 2024-11-17 18:34:18, 2024-11-17 21:17:53, bc92d3158824b25a0510e35513c71dfa
2024-11-24 17:52:55 - <==        Row: 35108, 13000, 1, 50110, 1751, 0, 매촌2길, 50110, 4847636, 0, 0, 70, 0, 도련일동, 아르미아아파트, 1751, 82.9078, 2024, 1, 8, 32500, 2, 50110-4159,  ,  , 중개거래, 제주 제주시, null, 101동, 법인, 개인, N, 2017, 126.591, 33.51, Y, N, 2024-11-17 18:34:18, 2024-11-17 21:17:53, 5d6dca6a9ca9dc75042426f335a7bed5
2024-11-24 17:52:55 - <==        Row: 35109, 11200, 1, 50110, 116, 0, 화삼로, 50110, 4849184, 1, 0, 12, 0, 화북이동, 제주삼화사랑으로부영2차, 116, 84.3616, 2024, 1, 8, 58000, 6, 50110-3427,  ,  , 직거래,  , null, 210, 개인, 개인, N, 2013, 126.574, 33.5139, Y, N, 2024-11-17 18:34:18, 2024-11-17 21:17:53, c4b651c799ac5fb491a24337d42d89dc
2024-11-24 17:52:55 - <==        Row: 35112, 12200, 1, 50110, 3779, 5, 1100로, 50110, 3020003, 1, 0, 3349, 0, 노형동, 인텔리젼트한빛, 3779-5, 84.347, 2024, 1, 8, 40000, 4, 50110-270,  ,  , 중개거래, 제주 제주시, null,  , 개인, 개인, N, 2004, 126.479, 33.4849, Y, N, 2024-11-17 18:34:18, 2024-11-17 21:17:54, 3503a84a5937ad3b8a3f0605c09a0815
2024-11-24 17:52:55 - <==        Row: 35126, 12300, 1, 50110, 418, 6, 우정로4길, 50110, 4848480, 0, 0, 4, 0, 외도일동, 백강수피아5차, 418-6, 84.76, 2024, 1, 8, 41500, 12, 50110-4431, O, 24.01.23, 중개거래,  , null,  , 개인, 개인, N, 2018, 126.431, 33.4916, Y, N, 2024-11-17 18:34:19, 2024-11-17 21:17:54, 46c1b9793b382953ee7bec0500a26636
2024-11-24 17:52:55 - <==        Row: 35045, 10700, 1, 50110, 1044, 8, 동문로21길, 50110, 4847599, 1, 0, 4, 7, 건입동, 건입미화, 1044-8, 81.87, 2024, 1, 8, 16500, 2, 50110-401,  ,  , 직거래,  , null, 나, 개인, 개인, N, 1994, 126.538, 33.5146, Y, N, 2024-11-17 18:34:16, 2024-11-17 21:17:51, cf475ccbb7b05912459a50311cf47859
2024-11-24 17:52:55 - <==        Row: 35042, 12200, 1, 50110, 941, 3, 원노형로, 50110, 3349162, 0, , 35, 2, 노형동, 노형벽강하이본타워7차, 941-3, 72.5687, 2024, 1, 7, 50000, 2, 50110-4715,  ,  , 중개거래, 제주 제주시, null,  , 법인, 개인, N, 2020, 126.486, 33.4851, Y, N, 2024-11-17 18:34:16, 2024-11-17 21:17:51, 2ed41e3d0853e4918671df2bd49f6324
2024-11-24 17:52:55 - <==        Row: 35127, 25340, 1, 50110, 167, 0, 하귀9길, 50110, 4848952, 1, 0, 45, 0, 애월읍 하귀1리, 제주하귀휴먼시아1단지, 167, 84.67, 2024, 1, 6, 41500, 1, 50110-3078,  ,  , 중개거래, 제주 제주시, null, 102, 개인, 개인, N, 2010, 126.417, 33.4837, Y, N, 2024-11-17 18:34:19, 2024-11-17 21:17:54, e645d9597be993ac0cfb8834090cf6d9
2024-11-24 17:52:55 - <==        Row: 35137, 12300, 1, 50110, 560, 2, 우평로, 50110, 3349161, 2, 0, 318, 0, 외도일동, 부영(2차), 560-2, 84.9873, 2024, 1, 6, 39900, 1, 50110-375,  ,  , 중개거래, 제주 제주시, null, 부영아파트 201, 개인, 개인, N, 2001, 126.434, 33.485, Y, N, 2024-11-17 18:34:19, 2024-11-17 21:17:55, ade58cf39c53db95128a6595468958be
2024-11-24 17:52:55 - <==        Row: 35142, 12300, 1, 50110, 448, 1, 절물2길, 50110, 4848653, 1, 0, 8, 7, 외도일동, 외도타워, 448-1, 84.7456, 2024, 1, 6, 30800, 8, 50110-3472,  ,  , 중개거래, 제주 서귀포시 제주 제주시, null,  , 개인, 개인, N, 2013, null, null, Y, N, 2024-11-17 18:34:19, 2024-11-17 21:17:55, ad3d08217b5454c7b9c4a92d0d61b9f8
2024-11-24 17:52:55 - <==        Row: 35033, 10200, 1, 50110, 47, 1, 천수로, 50110, 3349190, 0, 0, 72, 0, 일도이동, 일도신천지, 47-1, 59.97, 2024, 1, 6, 30000, 4, 50110-28,  ,  , 중개거래, 제주 제주시, null, 109, 개인, 개인, N, 1993, 126.545, 33.5045, Y, N, 2024-11-17 18:34:15, 2024-11-17 21:17:50, 4415955b99ca36a85a92663ab428a789
2024-11-24 17:52:55 - <==        Row: 35054, 12200, 1, 50110, 2583, 1, 수덕로, 50110, 3349107, 1, 0, 44, 0, 노형동, 노형뜨란채, 2583-1, 84.85, 2024, 1, 6, 60000, 15, 50110-2909,  ,  , 중개거래, 제주 제주시, null, 203, 개인, 개인, N, 2006, 126.473, 33.4871, Y, N, 2024-11-17 18:34:16, 2024-11-17 21:17:51, 29de1bb94439d7d4ef4b18dbbd93ff69
2024-11-24 17:52:55 - <==        Row: 35144, 13700, 1, 50110, 278, 2, 사장3길, 50110, 4847800, 0, 0, 32, 0, 연동, 제주연동한일베라체더퍼스트, 278-2, 83.6381, 2024, 1, 5, 59900, 6, 50110-5018,  ,  , 중개거래, 제주 제주시, null, 101동, 개인, 개인, N, 2023, 126.491, 33.4831, Y, N, 2024-11-17 18:34:19, 2024-11-17 21:17:55, 29ade073abedef520e39bde526ad4d1b
2024-11-24 17:52:55 - <==        Row: 35146, 12300, 1, 50110, 529, 1, 우정로15길, 50110, 4848476, 0, 0, 48, 0, 외도일동, 해밀마루, 529-1, 46.74, 2024, 1, 5, 20000, 6, 50110-4554,  ,  , 직거래,  , null,  , 개인, 개인, N, 2019, 126.433, 33.489, Y, N, 2024-11-17 18:34:19, 2024-11-17 21:17:55, 77a1e683138805b97a629bd32ab83e28
2024-11-24 17:52:55 - <==        Row: 35148, 10200, 1, 50110, 113, 7, 남광로, 50110, 3349035, 0, , 181, 0, 일도이동, 대유대림아파트, 113-7, 84.945, 2024, 1, 5, 46500, 4, 50110-6, O, 24.02.27, 중개거래, 제주 제주시, null,  , 개인, 개인, N, 1997, 126.552, 33.5031, Y, N, 2024-11-17 18:34:19, 2024-11-17 21:17:55, 973b8f8f1d6eaea3867114da3b44da5b
2024-11-24 17:52:55 - <==        Row: 35006, 10200, 1, 50110, 113, 7, 남광로, 50110, 3349035, 0, , 181, 0, 일도이동, 대유대림아파트, 113-7, 84.945, 2024, 1, 5, 46500, 4, 50110-6,  ,  , 중개거래, 제주 제주시, null, 제주대유대림아파트 316, 개인, 개인, N, 1997, 126.552, 33.5031, Y, N, 2024-11-17 18:34:14, 2024-11-17 21:17:49, cbd5c48c7d039bf264e0d8a7d06e26ca
2024-11-24 17:52:55 - <==        Row: 35035, 12200, 1, 50110, 732, 0, 원노형로, 50110, 3349162, 1, 0, 93, 0, 노형동, 부영1차, 732, 80.6583, 2024, 1, 5, 64000, 3, 50110-181, O, 24.04.30, 중개거래, 제주 제주시, null,  , 개인, 개인, N, 2001, 126.486, 33.4804, Y, N, 2024-11-17 18:34:15, 2024-11-17 21:17:50, 4cce67de35cd725f4c7b6f2dc86cd4f5
2024-11-24 17:52:55 - <==        Row: 35094, 13700, 1, 50110, 2333, 13, 일주서로, 50110, 3349236, 8, 0, 7898, 0, 연동, 갤럭시연동빌, 2333-13, 26.497, 2024, 1, 4, 5600, 6, 50110-3299,  ,  , 중개거래, 제주 제주시, null,  , 개인, 개인, N, 2012, 126.49, 33.4936, Y, N, 2024-11-17 18:34:17, 2024-11-17 21:17:53, 83ff3aac8229535a368e965447c4a106
2024-11-24 17:52:55 - <==        Row: 35119, 13700, 1, 50110, 2317, 1, 도령로11길, 50110, 4847540, 1, 0, 25, 0, 연동, 남주, 2317-1, 74.94, 2024, 1, 4, 18500, 5, 50110-133,  ,  , 중개거래, 제주 제주시, null,  , 개인, 개인, N, 1994, 126.486, 33.4927, Y, N, 2024-11-17 18:34:18, 2024-11-17 21:17:54, 94ddaf86d9f3107774e5c197594aff9c
2024-11-24 17:52:55 - <==        Row: 35145, 10500, 1, 50110, 552, 3, 서광로19길, 50110, 4847885, 1, 0, 4, 0, 삼도일동, 대명2차꿈의고향, 552-3, 84.97, 2024, 1, 4, 27500, 2, 50110-273,  ,  , 중개거래, 제주 제주시, null,  , 개인, 개인, N, 2004, 126.521, 33.5003, Y, N, 2024-11-17 18:34:19, 2024-11-17 21:17:55, f7ee66265e02e52effb4aa83b6608714
2024-11-24 17:52:55 - <==        Row: 35147, 12900, 1, 50110, 75, 5, 도남로15길, 50110, 4847505, 1, 0, 21, 0, 도남동, 도남성원5차, 75-5, 59.61, 2024, 1, 4, 18000, 2, 50110-62,  ,  , 중개거래, 제주 제주시, null,  , 개인, 개인, N, 1997, 126.53, 33.492, Y, N, 2024-11-17 18:34:19, 2024-11-17 21:17:55, de907bab403e1cfc5c7991ec17ca46d2
2024-11-24 17:52:55 - <==        Row: 35056, 13700, 1, 50110, 253, 36, 연동4길, 50110, 4848256, 1, , 12, 12, 연동, 연동백강스위트엠I, 253-36, 66.714, 2024, 1, 4, 39000, 2, 50110-4757,  ,  , 중개거래, 제주 제주시, null, 연동 백강스위트엠Ⅰ, 개인, 개인, N, 2021, 126.487, 33.4851, Y, N, 2024-11-17 18:34:16, 2024-11-17 21:17:51, 94119674f84b8766e361f6971feafb93
2024-11-24 17:52:55 - <==        Row: 35135, 25923, 1, 50110, 1369, 1, 조천10길, 50110, 4848715, 0, 0, 42, 0, 조천읍 조천리, 에스턴힐, 1369-1, 84.8771, 2024, 1, 3, 26000, 5, 50110-4690,  ,  , 중개거래, 제주 제주시, null,  , 개인, 개인, N, 2020, 126.64, 33.5342, Y, N, 2024-11-17 18:34:19, 2024-11-17 21:17:55, acdff6b3ffa47803af613a694ea0fad7
2024-11-24 17:52:55 - <==        Row: 35149, 11000, 1, 50110, 524, 0, 용담로1길, 50110, 4848400, 1, 0, 33, 0, 용담삼동, 용두암현대4, 524, 53.325, 2024, 1, 3, 15500, 5, 50110-92,  ,  , 중개거래, 제주 제주시, null, 용두암현대4차아파트, 개인, 개인, N, 1995, 126.507, 33.5159, Y, N, 2024-11-17 18:34:19, 2024-11-17 21:17:55, bcc4aceb15e14b6a51b2341b5f573cb6
2024-11-24 17:52:55 - <==        Row: 35047, 10400, 1, 50110, 1060, 5, 고산동산5길, 50110, 4847092, 1, 0, 30, 0, 이도이동, 목성2차, 1060-5, 84.55, 2024, 1, 3, 30500, 6, 50110-345,  ,  , 직거래,  , null,  , 개인, 개인, N, 2004, 126.536, 33.4967, Y, N, 2024-11-17 18:34:16, 2024-11-17 21:17:51, d23ff924d44d772a4b7ea887b59ba14b
2024-11-24 17:52:55 - <==        Row: 35067, 12200, 1, 50110, 2583, 1, 수덕로, 50110, 3349107, 1, 0, 44, 0, 노형동, 노형뜨란채, 2583-1, 84.67, 2024, 1, 3, 53800, 2, 50110-2909,  ,  , 중개거래, 제주 제주시, null, 208, 개인, 개인, N, 2006, 126.473, 33.4871, Y, N, 2024-11-17 18:34:17, 2024-11-17 21:17:55, f92d28e89dd899e36aa270a8d7bb7a33
2024-11-24 17:52:55 - <==        Row: 35069, 11600, 1, 50110, 1580, 1, 진목5길, 50110, 4848818, 1, 0, 8, 0, 봉개동, 노블하우스, 1580-1, 79.23, 2024, 1, 3, 22850, 3, 50110-3878,  ,  , 중개거래, 제주 제주시, null,  , 개인, 개인, N, 2016, 126.599, 33.4901, Y, N, 2024-11-17 18:34:17, 2024-11-17 21:17:52, 705208047a8e9ef943ce3656004a831e
2024-11-24 17:52:55 - <==        Row: 35071, 13700, 1, 50110, 2332, 17, 도령로, 50110, 3349052, 3, 0, 127, 1, 연동, 도령해든빌, 2332-17, 21.7292, 2024, 1, 3, 6800, 6, 50110-3096,  ,  , 직거래,  , null,  , 개인, 개인, N, 2011, 126.491, 33.4929, Y, N, 2024-11-17 18:34:17, 2024-11-17 21:17:52, ca2637f1ab2824fc190146f8e10fc6a6
2024-11-24 17:52:55 - <==        Row: 35107, 11100, 1, 50110, 12, 1, 동화로1길, 50110, 4847618, 1, 0, 10, 0, 화북일동, 화북주공4단지, 12-1, 49.5, 2024, 1, 2, 25000, 6, 50110-118,  ,  , 중개거래, 제주 제주시, null, 412, 개인, 개인, N, 1998, 126.574, 33.518, Y, N, 2024-11-17 18:34:18, 2024-11-17 21:17:53, 44dffab083f3be59297fba8b7de059f8
2024-11-24 17:52:55 - <==        Row: 35115, 10200, 1, 50110, 365, 1, 고마로14길, 50110, 4847065, 1, 0, 16, 0, 일도이동, 용인아파트, 365-1, 47.52, 2024, 1, 2, 13900, 5, 50110-336,  ,  , 중개거래, 제주 제주시, null,  , 개인, 개인, N, 1998, 126.539, 33.5059, Y, N, 2024-11-17 18:34:18, 2024-11-17 21:17:54, 70e37cc3061630e45e521eff94a2048e
2024-11-24 17:52:55 - <==        Row: 35150, 12900, 1, 50110, 78, 0, 도남로17길, 50110, 4847507, 1, 0, 32, 0, 도남동, 영산홍, 78, 59.94, 2024, 1, 2, 19300, 4, 50110-70,  ,  , 직거래,  , null, 가, 개인, 개인, N, 1992, 126.531, 33.4911, Y, N, 2024-11-17 18:34:19, 2024-11-17 21:17:55, 616d097cb0562414f645b518bd3278ea
2024-11-24 17:52:55 - <==        Row: 35152, 11100, 1, 50110, 1987, 2, 진동로1길, 50110, 4848812, 1, 0, 25, 0, 화북일동, 화북조양2차, 1987-2, 84.46, 2024, 1, 2, 16000, 5, 50110-2902,  ,  , 직거래,  , null, 화북조양아파트2차, 개인, 개인, N, 2006, 126.567, 33.5195, Y, N, 2024-11-17 18:34:19, 2024-11-17 21:17:55, 51a30bf3483e539eadb510b92acf16b8
2024-11-24 17:52:55 - <==        Row: 35151, 25341, 1, 50110, 3026, 0, 답동2길, 50110, 4849155, 0, 0, 23, 25, 애월읍 하귀2리, 하귀푸르미르, 3026, 84.7407, 2024, 1, 1, 39000, 7, 50110-4886,  ,  , 직거래,  , null,  , 법인, 개인, N, 2022, 126.404, 33.4795, Y, N, 2024-11-17 18:34:19, 2024-11-17 21:17:55, cc6729cca44c9122cde23c2274268891
2024-11-24 17:52:55 - <==      Total: 1304
2024-11-24 17:52:55 - ==>  Preparing: SELECT COUNT(*) FROM jeju_aprt_real_state WHERE delete_yn = 'N' AND ( (deal_year = ? AND deal_month >= ?) OR (deal_year > ? AND deal_year < ?) OR (deal_year = ? AND deal_month <= ?) )
2024-11-24 17:52:55 - ==> Parameters: 2024(Integer), 10(Integer), 2024(Integer), 2024(Integer), 2024(Integer), 11(Integer)
2024-11-24 17:52:55 - <==    Columns: COUNT(*)
2024-11-24 17:52:55 - <==        Row: 1304
2024-11-24 17:52:55 - <==      Total: 1
2024-11-24 17:52:55 - Query executed successfully. Found 1304 results
2024-11-24 17:52:55 - 캐시 로딩 완료
2024-11-24 17:52:55 - Application availability state ReadinessState changed to ACCEPTING_TRAFFIC
]]></system-out>
  <system-err><![CDATA[]]></system-err>
</testsuite>
